<?xml version="1.0" encoding="UTF-8"?>
<robot generator="Robot 7.0 (Python 3.10.4 on win32)" generated="2024-09-13T16:07:43.126335" rpa="false" schemaversion="5">
<suite id="s1" name="Recuperar Senha" source="d:\testes-gco\testes-gco\Institucional\Recuperar Senha">
<suite id="s1-s1" name="Fluxos-Basicos" source="d:\testes-gco\testes-gco\Institucional\Recuperar Senha\fluxos-basicos.robot">
<test id="s1-s1-t1" name="Recuperar senha - Envio de solicitação de recuperação" line="13">
<kw name="Dado que estou no institucional" owner="browser-setup">
<kw name="Open Browser" owner="SeleniumLibrary">
<msg time="2024-09-13T16:07:43.731886" level="INFO">Opening browser 'chrome' to base url 'https://rt7:00%40rt7%4000@gcro-47-feature.devops.grancursosonline.com.br'.</msg>
<arg>${URL-inicial-branch}</arg>
<arg>browser=${BROWSER}</arg>
<arg>options=${OPTIONS}</arg>
<doc>Opens a new browser instance to the optional ``url``.</doc>
<status status="PASS" start="2024-09-13T16:07:43.731886" elapsed="8.867064"/>
</kw>
<kw name="Maximize Browser Window" owner="SeleniumLibrary">
<doc>Maximizes current browser window.</doc>
<status status="PASS" start="2024-09-13T16:07:52.599951" elapsed="0.026024"/>
</kw>
<status status="PASS" start="2024-09-13T16:07:43.730885" elapsed="8.896091"/>
</kw>
<kw name="Quando clico no botão &quot;Entrar&quot;" owner="config_cabeçalho">
<kw name="Wait Until Element Is Visible" owner="SeleniumLibrary">
<arg>${botao-entrar}</arg>
<doc>Waits until the element ``locator`` is visible.</doc>
<status status="PASS" start="2024-09-13T16:07:52.627977" elapsed="0.022020"/>
</kw>
<kw name="Click Element" owner="SeleniumLibrary">
<msg time="2024-09-13T16:07:52.650998" level="INFO">Clicking element 'css=#container-assinatura-topo &gt; div &gt; a &gt; span.d-none.d-sm-inline-block.semibold'.</msg>
<arg>${botao-entrar}</arg>
<doc>Click the element identified by ``locator``.</doc>
<status status="PASS" start="2024-09-13T16:07:52.649997" elapsed="0.050045"/>
</kw>
<status status="PASS" start="2024-09-13T16:07:52.627977" elapsed="0.072065"/>
</kw>
<kw name="E clico em &quot;Esqueceu a senha?&quot;" owner="config_recuperar-senha">
<kw name="Wait Until Element Is Visible" owner="SeleniumLibrary">
<arg>${botao-esqueceu-senha}</arg>
<doc>Waits until the element ``locator`` is visible.</doc>
<status status="PASS" start="2024-09-13T16:07:52.702044" elapsed="1.401780"/>
</kw>
<kw name="Click Element" owner="SeleniumLibrary">
<msg time="2024-09-13T16:07:54.104825" level="INFO">Clicking element 'css=#identificacao-login &gt; div.checkbox.text-center.mt-3 &gt; p &gt; a'.</msg>
<arg>${botao-esqueceu-senha}</arg>
<doc>Click the element identified by ``locator``.</doc>
<status status="PASS" start="2024-09-13T16:07:54.104825" elapsed="0.692630"/>
</kw>
<status status="PASS" start="2024-09-13T16:07:52.701044" elapsed="2.096411"/>
</kw>
<kw name="E digito o e-mail para recuperação" owner="config_recuperar-senha">
<kw name="Wait Until Element Is Visible" owner="SeleniumLibrary">
<arg>${campo-email-recuperacao}</arg>
<arg>timeout=15s</arg>
<doc>Waits until the element ``locator`` is visible.</doc>
<status status="PASS" start="2024-09-13T16:07:54.799457" elapsed="0.013012"/>
</kw>
<kw name="Input Text" owner="SeleniumLibrary">
<msg time="2024-09-13T16:07:54.813470" level="INFO">Typing text 'robot.automacaogran@gmail.com' into text field 'id=esqueceu-senha-email'.</msg>
<arg>${campo-email-recuperacao}</arg>
<arg>${input-email-recuperacao}</arg>
<doc>Types the given ``text`` into the text field identified by ``locator``.</doc>
<status status="PASS" start="2024-09-13T16:07:54.812469" elapsed="0.173158"/>
</kw>
<status status="PASS" start="2024-09-13T16:07:54.798456" elapsed="0.187171"/>
</kw>
<kw name="E clico em &quot;Enviar&quot;" owner="config_recuperar-senha">
<kw name="Click Element" owner="SeleniumLibrary">
<msg time="2024-09-13T16:07:54.986627" level="INFO">Clicking element 'id=btn-submit'.</msg>
<arg>${botao-enviar}</arg>
<doc>Click the element identified by ``locator``.</doc>
<status status="PASS" start="2024-09-13T16:07:54.986627" elapsed="0.088081"/>
</kw>
<status status="PASS" start="2024-09-13T16:07:54.986627" elapsed="0.089082"/>
</kw>
<kw name="Então devo ser redirecionado para o login" owner="config_recuperar-senha">
<kw name="Wait Until Element Is Visible" owner="SeleniumLibrary">
<arg>${msg-email-enviado}</arg>
<arg>timeout=15s</arg>
<doc>Waits until the element ``locator`` is visible.</doc>
<status status="PASS" start="2024-09-13T16:07:55.076709" elapsed="1.860693"/>
</kw>
<status status="PASS" start="2024-09-13T16:07:55.075709" elapsed="1.861693"/>
</kw>
<kw name="E uma mensagem de &quot;E-mail enviado&quot; deverá ser exibida" owner="config_recuperar-senha">
<kw name="Element Should Be Visible" owner="SeleniumLibrary">
<msg time="2024-09-13T16:07:56.951414" level="INFO">Element 'css=#identificacao &gt; div:nth-child(1) &gt; div' is displayed.</msg>
<arg>${msg-email-enviado}</arg>
<arg>Solicitação de recuperação de senha recebida!</arg>
<doc>Verifies that the element identified by ``locator`` is visible.</doc>
<status status="PASS" start="2024-09-13T16:07:56.939404" elapsed="0.012010"/>
</kw>
<status status="PASS" start="2024-09-13T16:07:56.938402" elapsed="0.014013"/>
</kw>
<kw name="Close Browser" owner="SeleniumLibrary" type="TEARDOWN">
<doc>Closes the current browser.</doc>
<status status="PASS" start="2024-09-13T16:07:56.952415" elapsed="2.122931"/>
</kw>
<status status="PASS" start="2024-09-13T16:07:43.728884" elapsed="15.346462"/>
</test>
<status status="PASS" start="2024-09-13T16:07:43.150357" elapsed="15.926991"/>
</suite>
<suite id="s1-s2" name="Fluxos-Execoes" source="d:\testes-gco\testes-gco\Institucional\Recuperar Senha\fluxos-execoes.robot">
<test id="s1-s2-t1" name="Recuperar senha - Preenchimento incorreto do campo de email" line="14">
<kw name="Dado que estou no institucional" owner="browser-setup">
<kw name="Open Browser" owner="SeleniumLibrary">
<msg time="2024-09-13T16:07:59.091361" level="INFO">Opening browser 'chrome' to base url 'https://rt7:00%40rt7%4000@gcro-47-feature.devops.grancursosonline.com.br'.</msg>
<arg>${URL-inicial-branch}</arg>
<arg>browser=${BROWSER}</arg>
<arg>options=${OPTIONS}</arg>
<doc>Opens a new browser instance to the optional ``url``.</doc>
<status status="PASS" start="2024-09-13T16:07:59.090360" elapsed="9.029718"/>
</kw>
<kw name="Maximize Browser Window" owner="SeleniumLibrary">
<doc>Maximizes current browser window.</doc>
<status status="PASS" start="2024-09-13T16:08:08.120078" elapsed="0.020018"/>
</kw>
<status status="PASS" start="2024-09-13T16:07:59.090360" elapsed="9.049736"/>
</kw>
<kw name="Quando clico no botão &quot;Entrar&quot;" owner="config_cabeçalho">
<kw name="Wait Until Element Is Visible" owner="SeleniumLibrary">
<arg>${botao-entrar}</arg>
<doc>Waits until the element ``locator`` is visible.</doc>
<status status="PASS" start="2024-09-13T16:08:08.142097" elapsed="0.017017"/>
</kw>
<kw name="Click Element" owner="SeleniumLibrary">
<msg time="2024-09-13T16:08:08.161116" level="INFO">Clicking element 'css=#container-assinatura-topo &gt; div &gt; a &gt; span.d-none.d-sm-inline-block.semibold'.</msg>
<arg>${botao-entrar}</arg>
<doc>Click the element identified by ``locator``.</doc>
<status status="PASS" start="2024-09-13T16:08:08.160115" elapsed="0.050045"/>
</kw>
<status status="PASS" start="2024-09-13T16:08:08.141097" elapsed="0.070064"/>
</kw>
<kw name="E clico em &quot;Esqueceu a senha?&quot;" owner="config_recuperar-senha">
<kw name="Wait Until Element Is Visible" owner="SeleniumLibrary">
<arg>${botao-esqueceu-senha}</arg>
<doc>Waits until the element ``locator`` is visible.</doc>
<status status="PASS" start="2024-09-13T16:08:08.212162" elapsed="1.288171"/>
</kw>
<kw name="Click Element" owner="SeleniumLibrary">
<msg time="2024-09-13T16:08:09.500333" level="INFO">Clicking element 'css=#identificacao-login &gt; div.checkbox.text-center.mt-3 &gt; p &gt; a'.</msg>
<arg>${botao-esqueceu-senha}</arg>
<doc>Click the element identified by ``locator``.</doc>
<status status="PASS" start="2024-09-13T16:08:09.500333" elapsed="0.661601"/>
</kw>
<status status="PASS" start="2024-09-13T16:08:08.211161" elapsed="1.950773"/>
</kw>
<kw name="E preencho o e-mail de recuperação incorretamente" owner="config_recuperar-senha">
<kw name="Wait Until Element Is Visible" owner="SeleniumLibrary">
<arg>${campo-email-recuperacao}</arg>
<arg>timeout=15s</arg>
<doc>Waits until the element ``locator`` is visible.</doc>
<status status="PASS" start="2024-09-13T16:08:10.162935" elapsed="0.015014"/>
</kw>
<kw name="Input Text" owner="SeleniumLibrary">
<msg time="2024-09-13T16:08:10.178950" level="INFO">Typing text 'teste.robot' into text field 'id=esqueceu-senha-email'.</msg>
<arg>${campo-email-recuperacao}</arg>
<arg>teste.robot</arg>
<doc>Types the given ``text`` into the text field identified by ``locator``.</doc>
<status status="PASS" start="2024-09-13T16:08:10.177949" elapsed="0.071065"/>
</kw>
<kw name="Click Element" owner="SeleniumLibrary">
<msg time="2024-09-13T16:08:10.250014" level="INFO">Clicking element 'id=btn-submit'.</msg>
<arg>${botao-enviar}</arg>
<doc>Click the element identified by ``locator``.</doc>
<status status="PASS" start="2024-09-13T16:08:10.249014" elapsed="0.071065"/>
</kw>
<status status="PASS" start="2024-09-13T16:08:10.161934" elapsed="0.159145"/>
</kw>
<kw name="Então uma mensagem de &quot;Este campo deve ser um email válido.&quot; deverá ser exibida" owner="config_recuperar-senha">
<kw name="Wait Until Element Is Visible" owner="SeleniumLibrary">
<arg>${msg-email-invalido}</arg>
<doc>Waits until the element ``locator`` is visible.</doc>
<status status="PASS" start="2024-09-13T16:08:10.322081" elapsed="0.023020"/>
</kw>
<kw name="Element Should Be Visible" owner="SeleniumLibrary">
<msg time="2024-09-13T16:08:10.354109" level="INFO">Element 'css=#parsley-id-5 &gt; span' is displayed.</msg>
<arg>${msg-email-invalido}</arg>
<arg>Este campo deve ser um email válido.</arg>
<doc>Verifies that the element identified by ``locator`` is visible.</doc>
<status status="PASS" start="2024-09-13T16:08:10.345101" elapsed="0.009008"/>
</kw>
<status status="PASS" start="2024-09-13T16:08:10.322081" elapsed="0.033029"/>
</kw>
<kw name="Close Browser" owner="SeleniumLibrary" type="TEARDOWN">
<doc>Closes the current browser.</doc>
<status status="PASS" start="2024-09-13T16:08:10.356111" elapsed="2.135943"/>
</kw>
<status status="PASS" start="2024-09-13T16:07:59.089359" elapsed="13.402695"/>
</test>
<status status="PASS" start="2024-09-13T16:07:59.078348" elapsed="13.414707"/>
</suite>
<status status="PASS" start="2024-09-13T16:07:43.131340" elapsed="29.363717"/>
</suite>
<statistics>
<total>
<stat pass="2" fail="0" skip="0">All Tests</stat>
</total>
<tag>
</tag>
<suite>
<stat pass="2" fail="0" skip="0" id="s1" name="Recuperar Senha">Recuperar Senha</stat>
<stat pass="1" fail="0" skip="0" id="s1-s1" name="Fluxos-Basicos">Recuperar Senha.Fluxos-Basicos</stat>
<stat pass="1" fail="0" skip="0" id="s1-s2" name="Fluxos-Execoes">Recuperar Senha.Fluxos-Execoes</stat>
</suite>
</statistics>
<errors>
</errors>
</robot>
