<?xml version="1.0" encoding="UTF-8"?>
<robot generator="Robot 7.0 (Python 3.10.4 on win32)" generated="2024-09-09T09:29:01.748947" rpa="false" schemaversion="5">
<suite id="s1" name="Testes-Gco" source="D:\testes-gco">
<suite id="s1-s1" name="Testes-Gco" source="D:\testes-gco\testes-gco">
<suite id="s1-s1-s1" name="Institucional" source="D:\testes-gco\testes-gco\Institucional">
<suite id="s1-s1-s1-s1" name="1-Home-Cabeçalho" source="D:\testes-gco\testes-gco\Institucional\1-home-cabeçalho.robot">
<test id="s1-s1-s1-s1-t1" name="Pesquisa por cursos" line="10">
<kw name="Dado que estou no institucional" owner="browser-setup">
<kw name="Open Browser" owner="SeleniumLibrary">
<msg time="2024-09-09T09:29:01.933115" level="INFO">Opening browser 'chrome' to base url 'https://www.grancursosonline.com.br/'.</msg>
<arg>${URL}</arg>
<arg>browser=${BROWSER}</arg>
<doc>Opens a new browser instance to the optional ``url``.</doc>
<status status="PASS" start="2024-09-09T09:29:01.933115" elapsed="6.755697"/>
</kw>
<kw name="Maximize Browser Window" owner="SeleniumLibrary">
<doc>Maximizes current browser window.</doc>
<status status="PASS" start="2024-09-09T09:29:08.688812" elapsed="0.097594"/>
</kw>
<status status="PASS" start="2024-09-09T09:29:01.932115" elapsed="6.854291"/>
</kw>
<kw name="Quando digito um curso na barra de pesquisa" owner="config_cabeçalho">
<kw name="Wait Until Element Is Visible" owner="SeleniumLibrary">
<arg>${campo-pesquisa}</arg>
<doc>Waits until the element ``locator`` is visible.</doc>
<status status="PASS" start="2024-09-09T09:29:08.788407" elapsed="0.049045"/>
</kw>
<kw name="Input Text" owner="SeleniumLibrary">
<msg time="2024-09-09T09:29:08.839454" level="INFO">Typing text '"Enfermagem"' into text field 'name=q'.</msg>
<arg>${campo-pesquisa}</arg>
<arg>"Enfermagem"</arg>
<doc>Types the given ``text`` into the text field identified by ``locator``.</doc>
<status status="PASS" start="2024-09-09T09:29:08.838453" elapsed="0.202184"/>
</kw>
<status status="PASS" start="2024-09-09T09:29:08.787406" elapsed="0.253231"/>
</kw>
<kw name="E aperto &quot;Enter&quot;" owner="config_cabeçalho">
<kw name="Press Keys" owner="SeleniumLibrary">
<msg time="2024-09-09T09:29:09.042638" level="INFO">Sending key(s) ('ENTER',) to name=q element.</msg>
<msg time="2024-09-09T09:29:09.324895" level="INFO">Pressing special key ENTER to element.</msg>
<msg time="2024-09-09T09:29:09.324895" level="INFO">Releasing special key ENTER.</msg>
<arg>${campo-pesquisa}</arg>
<arg>ENTER</arg>
<doc>Simulates the user pressing key(s) to an element or on the active browser.</doc>
<status status="PASS" start="2024-09-09T09:29:09.041637" elapsed="3.874050"/>
</kw>
<status status="PASS" start="2024-09-09T09:29:09.041637" elapsed="3.874050"/>
</kw>
<kw name="Entao devo ser redirecionado para a pagina com os resultos esperados" owner="config_cabeçalho">
<kw name="Element Should Be Visible" owner="SeleniumLibrary">
<msg time="2024-09-09T09:29:12.945714" level="INFO">Element 'css=#pagina-carreiras &gt; section &gt; div.container &gt; div &gt; div &gt; div &gt; div &gt; div &gt; div &gt; h1' is displayed.</msg>
<arg>${resultado-busca}</arg>
<arg>"Enfermagem"</arg>
<doc>Verifies that the element identified by ``locator`` is visible.</doc>
<status status="PASS" start="2024-09-09T09:29:12.917689" elapsed="0.029026"/>
</kw>
<status status="PASS" start="2024-09-09T09:29:12.916688" elapsed="0.030027"/>
</kw>
<kw name="Close Browser" owner="SeleniumLibrary" type="TEARDOWN">
<doc>Closes the current browser.</doc>
<status status="PASS" start="2024-09-09T09:29:12.946715" elapsed="2.139957"/>
</kw>
<status status="PASS" start="2024-09-09T09:29:01.931114" elapsed="13.155558"/>
</test>
<test id="s1-s1-s1-s1-t2" name="Pesquisa por cursos - Resultados exibidos em lista" line="17">
<kw name="Dado que estou no institucional" owner="browser-setup">
<kw name="Open Browser" owner="SeleniumLibrary">
<msg time="2024-09-09T09:29:15.090675" level="INFO">Opening browser 'chrome' to base url 'https://www.grancursosonline.com.br/'.</msg>
<arg>${URL}</arg>
<arg>browser=${BROWSER}</arg>
<doc>Opens a new browser instance to the optional ``url``.</doc>
<status status="PASS" start="2024-09-09T09:29:15.089674" elapsed="6.240207"/>
</kw>
<kw name="Maximize Browser Window" owner="SeleniumLibrary">
<doc>Maximizes current browser window.</doc>
<status status="PASS" start="2024-09-09T09:29:21.330882" elapsed="0.058052"/>
</kw>
<status status="PASS" start="2024-09-09T09:29:15.089674" elapsed="6.299260"/>
</kw>
<kw name="Quando digito um curso na barra de pesquisa" owner="config_cabeçalho">
<kw name="Wait Until Element Is Visible" owner="SeleniumLibrary">
<arg>${campo-pesquisa}</arg>
<doc>Waits until the element ``locator`` is visible.</doc>
<status status="PASS" start="2024-09-09T09:29:21.390936" elapsed="0.039036"/>
</kw>
<kw name="Input Text" owner="SeleniumLibrary">
<msg time="2024-09-09T09:29:21.431974" level="INFO">Typing text '"Enfermagem"' into text field 'name=q'.</msg>
<arg>${campo-pesquisa}</arg>
<arg>"Enfermagem"</arg>
<doc>Types the given ``text`` into the text field identified by ``locator``.</doc>
<status status="PASS" start="2024-09-09T09:29:21.429972" elapsed="0.145131"/>
</kw>
<status status="PASS" start="2024-09-09T09:29:21.389935" elapsed="0.185168"/>
</kw>
<kw name="Entao os resultados deverão ser exibidos em lista embaixo da pesquisa" owner="config_cabeçalho">
<kw name="Wait Until Element Is Visible" owner="SeleniumLibrary">
<arg>${lista-resultados}</arg>
<arg>timeout=10s</arg>
<doc>Waits until the element ``locator`` is visible.</doc>
<status status="PASS" start="2024-09-09T09:29:21.577105" elapsed="0.679618"/>
</kw>
<kw name="Element Should Be Visible" owner="SeleniumLibrary">
<msg time="2024-09-09T09:29:22.269735" level="INFO">Element 'class=autocomplete-suggestions' is displayed.</msg>
<arg>${lista-resultados}</arg>
<arg>"Enfermagem"</arg>
<doc>Verifies that the element identified by ``locator`` is visible.</doc>
<status status="PASS" start="2024-09-09T09:29:22.257724" elapsed="0.013011"/>
</kw>
<status status="PASS" start="2024-09-09T09:29:21.576105" elapsed="0.694630"/>
</kw>
<kw name="Close Browser" owner="SeleniumLibrary" type="TEARDOWN">
<doc>Closes the current browser.</doc>
<status status="PASS" start="2024-09-09T09:29:22.271737" elapsed="2.152460"/>
</kw>
<status status="PASS" start="2024-09-09T09:29:15.088673" elapsed="9.335524"/>
</test>
<test id="s1-s1-s1-s1-t3" name="Redirecionamento para o carrinho de assinatura ilimitada" line="23">
<kw name="Dado que estou no institucional" owner="browser-setup">
<kw name="Open Browser" owner="SeleniumLibrary">
<msg time="2024-09-09T09:29:24.427200" level="INFO">Opening browser 'chrome' to base url 'https://www.grancursosonline.com.br/'.</msg>
<arg>${URL}</arg>
<arg>browser=${BROWSER}</arg>
<doc>Opens a new browser instance to the optional ``url``.</doc>
<status status="PASS" start="2024-09-09T09:29:24.427200" elapsed="37.091317"/>
</kw>
<kw name="Maximize Browser Window" owner="SeleniumLibrary">
<doc>Maximizes current browser window.</doc>
<status status="PASS" start="2024-09-09T09:30:01.518517" elapsed="0.070064"/>
</kw>
<status status="PASS" start="2024-09-09T09:29:24.426199" elapsed="37.163383"/>
</kw>
<kw name="Quando clico no ícone de &quot;carrinho&quot;" owner="config_cabeçalho">
<kw name="Wait Until Element Is Visible" owner="SeleniumLibrary">
<arg>${icone-carrinho}</arg>
<doc>Waits until the element ``locator`` is visible.</doc>
<status status="PASS" start="2024-09-09T09:30:01.590582" elapsed="0.054049"/>
</kw>
<kw name="Click Element" owner="SeleniumLibrary">
<msg time="2024-09-09T09:30:01.645633" level="INFO">Clicking element 'css=#div-carrinho-identificacao &gt; a'.</msg>
<arg>${icone-carrinho}</arg>
<doc>Click the element identified by ``locator``.</doc>
<status status="PASS" start="2024-09-09T09:30:01.645633" elapsed="1.543908"/>
</kw>
<status status="PASS" start="2024-09-09T09:30:01.589582" elapsed="1.599959"/>
</kw>
<kw name="Entao devo ser redirecionado para a tela do carrinho de assinatura ilimitada" owner="config_cabeçalho">
<kw name="Wait Until Element Is Visible" owner="SeleniumLibrary">
<arg>${titulo-carrinho}</arg>
<arg>timeout=10s</arg>
<doc>Waits until the element ``locator`` is visible.</doc>
<status status="PASS" start="2024-09-09T09:30:03.190542" elapsed="0.016014"/>
</kw>
<kw name="Element Should Be Visible" owner="SeleniumLibrary">
<msg time="2024-09-09T09:30:03.216565" level="INFO">Element 'css=#carrinho-section &gt; section &gt; div &gt; div &gt; h1' is displayed.</msg>
<arg>${titulo-carrinho}</arg>
<arg>"Carrinho"</arg>
<doc>Verifies that the element identified by ``locator`` is visible.</doc>
<status status="PASS" start="2024-09-09T09:30:03.206556" elapsed="0.011010"/>
</kw>
<status status="PASS" start="2024-09-09T09:30:03.190542" elapsed="0.027024"/>
</kw>
<kw name="Close Browser" owner="SeleniumLibrary" type="TEARDOWN">
<doc>Closes the current browser.</doc>
<status status="PASS" start="2024-09-09T09:30:03.218568" elapsed="2.139468"/>
</kw>
<status status="PASS" start="2024-09-09T09:29:24.426199" elapsed="40.931837"/>
</test>
<test id="s1-s1-s1-s1-t4" name="Redirecionamento para o atendimento" line="29">
<kw name="Dado que estou no institucional" owner="browser-setup">
<kw name="Open Browser" owner="SeleniumLibrary">
<msg time="2024-09-09T09:30:05.361039" level="INFO">Opening browser 'chrome' to base url 'https://www.grancursosonline.com.br/'.</msg>
<arg>${URL}</arg>
<arg>browser=${BROWSER}</arg>
<doc>Opens a new browser instance to the optional ``url``.</doc>
<status status="PASS" start="2024-09-09T09:30:05.361039" elapsed="7.185566"/>
</kw>
<kw name="Maximize Browser Window" owner="SeleniumLibrary">
<doc>Maximizes current browser window.</doc>
<status status="PASS" start="2024-09-09T09:30:12.546605" elapsed="0.079071"/>
</kw>
<status status="PASS" start="2024-09-09T09:30:05.360038" elapsed="7.265638"/>
</kw>
<kw name="Quando clico no botão &quot;Atendimento&quot;" owner="config_cabeçalho">
<kw name="Wait Until Element Is Visible" owner="SeleniumLibrary">
<arg>${botao-atendimento}</arg>
<doc>Waits until the element ``locator`` is visible.</doc>
<status status="PASS" start="2024-09-09T09:30:12.627678" elapsed="0.039036"/>
</kw>
<kw name="Click Element" owner="SeleniumLibrary">
<msg time="2024-09-09T09:30:12.668715" level="INFO">Clicking element 'css=#container-assinatura-topo &gt; div &gt; span &gt; a'.</msg>
<arg>${botao-atendimento}</arg>
<doc>Click the element identified by ``locator``.</doc>
<status status="PASS" start="2024-09-09T09:30:12.667715" elapsed="0.134121"/>
</kw>
<status status="PASS" start="2024-09-09T09:30:12.626677" elapsed="0.175159"/>
</kw>
<kw name="Entao devo ser redirecionado para a tela de atendimento" owner="config_cabeçalho">
<kw name="Wait Until Element Is Visible" owner="SeleniumLibrary">
<arg>${titulo-atendimento}</arg>
<arg>timeout=10s</arg>
<doc>Waits until the element ``locator`` is visible.</doc>
<status status="PASS" start="2024-09-09T09:30:12.802837" elapsed="3.725890"/>
</kw>
<kw name="Element Should Be Visible" owner="SeleniumLibrary">
<msg time="2024-09-09T09:30:16.538737" level="INFO">Element 'css=#main-content &gt; div &gt; span' is displayed.</msg>
<arg>${titulo-atendimento}</arg>
<arg>"Carrinho"</arg>
<doc>Verifies that the element identified by ``locator`` is visible.</doc>
<status status="PASS" start="2024-09-09T09:30:16.528727" elapsed="0.011010"/>
</kw>
<status status="PASS" start="2024-09-09T09:30:12.801836" elapsed="3.737901"/>
</kw>
<kw name="Close Browser" owner="SeleniumLibrary" type="TEARDOWN">
<doc>Closes the current browser.</doc>
<status status="PASS" start="2024-09-09T09:30:16.539737" elapsed="2.138459"/>
</kw>
<status status="PASS" start="2024-09-09T09:30:05.359037" elapsed="13.319159"/>
</test>
<test id="s1-s1-s1-s1-t5" name="Redirecionamento para a tela de identificação" line="35">
<kw name="Dado que estou no institucional" owner="browser-setup">
<kw name="Open Browser" owner="SeleniumLibrary">
<msg time="2024-09-09T09:30:18.681199" level="INFO">Opening browser 'chrome' to base url 'https://www.grancursosonline.com.br/'.</msg>
<arg>${URL}</arg>
<arg>browser=${BROWSER}</arg>
<doc>Opens a new browser instance to the optional ``url``.</doc>
<status status="PASS" start="2024-09-09T09:30:18.681199" elapsed="6.352277"/>
</kw>
<kw name="Maximize Browser Window" owner="SeleniumLibrary">
<doc>Maximizes current browser window.</doc>
<status status="PASS" start="2024-09-09T09:30:25.034477" elapsed="0.078071"/>
</kw>
<status status="PASS" start="2024-09-09T09:30:18.680198" elapsed="6.432350"/>
</kw>
<kw name="Quando clico no botão &quot;Entrar&quot;" owner="config_cabeçalho">
<kw name="Wait Until Element Is Visible" owner="SeleniumLibrary">
<arg>${botao-entrar}</arg>
<doc>Waits until the element ``locator`` is visible.</doc>
<status status="PASS" start="2024-09-09T09:30:25.114550" elapsed="0.040036"/>
</kw>
<kw name="Click Element" owner="SeleniumLibrary">
<msg time="2024-09-09T09:30:25.155587" level="INFO">Clicking element 'css=#container-assinatura-topo &gt; div &gt; a &gt; span.d-none.d-sm-inline-block.semibold'.</msg>
<arg>${botao-entrar}</arg>
<doc>Click the element identified by ``locator``.</doc>
<status status="PASS" start="2024-09-09T09:30:25.154586" elapsed="0.159144"/>
</kw>
<status status="PASS" start="2024-09-09T09:30:25.113549" elapsed="0.200181"/>
</kw>
<kw name="Entao devo ser redirecionado para a tela de login" owner="config_cabeçalho">
<kw name="Wait Until Element Is Visible" owner="SeleniumLibrary">
<arg>${titulo-login}</arg>
<arg>timeout=10s</arg>
<doc>Waits until the element ``locator`` is visible.</doc>
<status status="PASS" start="2024-09-09T09:30:25.314732" elapsed="0.976888"/>
</kw>
<kw name="Element Should Be Visible" owner="SeleniumLibrary">
<msg time="2024-09-09T09:30:26.316642" level="INFO">Element 'css=#row-login &gt; div &gt; div:nth-child(2) &gt; div &gt; h2' is displayed.</msg>
<arg>${titulo-login}</arg>
<arg>"Entre"</arg>
<doc>Verifies that the element identified by ``locator`` is visible.</doc>
<status status="PASS" start="2024-09-09T09:30:26.292621" elapsed="0.025021"/>
</kw>
<status status="PASS" start="2024-09-09T09:30:25.313730" elapsed="1.003912"/>
</kw>
<kw name="Close Browser" owner="SeleniumLibrary" type="TEARDOWN">
<doc>Closes the current browser.</doc>
<status status="PASS" start="2024-09-09T09:30:26.318643" elapsed="2.436719"/>
</kw>
<status status="PASS" start="2024-09-09T09:30:18.679196" elapsed="10.076166"/>
</test>
<test id="s1-s1-s1-s1-t6" name="Redirecionamento para a assinatura ilimitada" line="41">
<kw name="Dado que estou no institucional" owner="browser-setup">
<kw name="Open Browser" owner="SeleniumLibrary">
<msg time="2024-09-09T09:30:28.760368" level="INFO">Opening browser 'chrome' to base url 'https://www.grancursosonline.com.br/'.</msg>
<arg>${URL}</arg>
<arg>browser=${BROWSER}</arg>
<doc>Opens a new browser instance to the optional ``url``.</doc>
<status status="PASS" start="2024-09-09T09:30:28.759366" elapsed="5.888867"/>
</kw>
<kw name="Maximize Browser Window" owner="SeleniumLibrary">
<doc>Maximizes current browser window.</doc>
<status status="PASS" start="2024-09-09T09:30:34.648233" elapsed="0.057052"/>
</kw>
<status status="PASS" start="2024-09-09T09:30:28.758365" elapsed="5.946920"/>
</kw>
<kw name="Quando clico no botão &quot;Assinatura ilimitada&quot;" owner="config_cabeçalho">
<kw name="Wait Until Element Is Visible" owner="SeleniumLibrary">
<arg>${botao-assinatura-ilimitada}</arg>
<doc>Waits until the element ``locator`` is visible.</doc>
<status status="PASS" start="2024-09-09T09:30:34.706286" elapsed="0.042038"/>
</kw>
<kw name="Click Element" owner="SeleniumLibrary">
<msg time="2024-09-09T09:30:34.750326" level="INFO">Clicking element 'css=#container-assinatura-topo &gt; ul &gt; li &gt; a'.</msg>
<arg>${botao-assinatura-ilimitada}</arg>
<doc>Click the element identified by ``locator``.</doc>
<status status="PASS" start="2024-09-09T09:30:34.749325" elapsed="0.166163"/>
</kw>
<status status="PASS" start="2024-09-09T09:30:34.705285" elapsed="0.211204"/>
</kw>
<kw name="Entao devo ser redirecionado para a tela de Assinatura ilimitada" owner="config_cabeçalho">
<kw name="Wait Until Element Is Visible" owner="SeleniumLibrary">
<arg>${titulo-assinatura}</arg>
<arg>timeout=10s</arg>
<doc>Waits until the element ``locator`` is visible.</doc>
<status status="PASS" start="2024-09-09T09:30:34.919492" elapsed="1.956283"/>
</kw>
<kw name="Element Should Be Visible" owner="SeleniumLibrary">
<msg time="2024-09-09T09:30:36.886785" level="INFO">Element 'css=#header-nova-AI &gt; div.top-header-container &gt; div &gt; p &gt; span' is displayed.</msg>
<arg>${titulo-assinatura}</arg>
<arg>"Assinatura ilimitada"</arg>
<doc>Verifies that the element identified by ``locator`` is visible.</doc>
<status status="PASS" start="2024-09-09T09:30:36.875775" elapsed="0.011010"/>
</kw>
<status status="PASS" start="2024-09-09T09:30:34.917490" elapsed="1.969295"/>
</kw>
<kw name="Close Browser" owner="SeleniumLibrary" type="TEARDOWN">
<doc>Closes the current browser.</doc>
<status status="PASS" start="2024-09-09T09:30:36.887786" elapsed="2.719987"/>
</kw>
<status status="PASS" start="2024-09-09T09:30:28.757364" elapsed="10.850409"/>
</test>
<status status="PASS" start="2024-09-09T09:29:01.778975" elapsed="97.830800"/>
</suite>
<suite id="s1-s1-s1-s2" name="2-Home-Menu" source="D:\testes-gco\testes-gco\Institucional\2-home-menu.robot">
<test id="s1-s1-s1-s2-t1" name="Redirecionamento Menu - Concurso - Assinatura Ilimitada" line="9">
<kw name="Dado que estou no institucional" owner="browser-setup">
<kw name="Open Browser" owner="SeleniumLibrary">
<msg time="2024-09-09T09:30:39.630794" level="INFO">Opening browser 'chrome' to base url 'https://www.grancursosonline.com.br/'.</msg>
<arg>${URL}</arg>
<arg>browser=${BROWSER}</arg>
<doc>Opens a new browser instance to the optional ``url``.</doc>
<status status="PASS" start="2024-09-09T09:30:39.629793" elapsed="5.608617"/>
</kw>
<kw name="Maximize Browser Window" owner="SeleniumLibrary">
<doc>Maximizes current browser window.</doc>
<status status="PASS" start="2024-09-09T09:30:45.238410" elapsed="0.088081"/>
</kw>
<status status="PASS" start="2024-09-09T09:30:39.629793" elapsed="5.696698"/>
</kw>
<kw name="Quando clico em &quot;Concursos&quot;" owner="config_menu-home">
<kw name="Click Element" owner="SeleniumLibrary">
<msg time="2024-09-09T09:30:45.330494" level="INFO">Clicking element 'css=#navbarDropdown'.</msg>
<arg>${menu-concursos}</arg>
<doc>Click the element identified by ``locator``.</doc>
<status status="PASS" start="2024-09-09T09:30:45.329494" elapsed="0.186184"/>
</kw>
<status status="PASS" start="2024-09-09T09:30:45.327491" elapsed="0.188187"/>
</kw>
<kw name="E em &quot;Assinatura ilimitada&quot;" owner="config_menu-home">
<kw name="Wait Until Element Is Visible" owner="SeleniumLibrary">
<arg>${menu-concursos-assinatura}</arg>
<arg>timeout=10s</arg>
<doc>Waits until the element ``locator`` is visible.</doc>
<status status="PASS" start="2024-09-09T09:30:45.517681" elapsed="0.073066"/>
</kw>
<kw name="Click Element" owner="SeleniumLibrary">
<msg time="2024-09-09T09:30:45.591748" level="INFO">Clicking element 'css=#navbarSupportedContent &gt; ul &gt; li.nav-item.dropdown.mega-dropdown.show &gt; ul &gt; li.col-lg-4.col-xl-4.col-12.float-left &gt; ul &gt; li:nth-child(1) &gt; a &gt; div &gt; div &gt; span.col-12.p-0.float-left.semibold'.</msg>
<arg>${menu-concursos-assinatura}</arg>
<doc>Click the element identified by ``locator``.</doc>
<status status="PASS" start="2024-09-09T09:30:45.590747" elapsed="0.083075"/>
</kw>
<status status="PASS" start="2024-09-09T09:30:45.516679" elapsed="0.157143"/>
</kw>
<kw name="Então devo ser redirecionado para a tela de assinatura ilimitada" owner="config_menu-home">
<kw name="Wait Until Element Is Visible" owner="SeleniumLibrary">
<arg>${titulo-assinatura-ilimitada}</arg>
<arg>timeout=10s</arg>
<doc>Waits until the element ``locator`` is visible.</doc>
<status status="PASS" start="2024-09-09T09:30:45.675824" elapsed="1.863692"/>
</kw>
<status status="PASS" start="2024-09-09T09:30:45.674823" elapsed="1.864693"/>
</kw>
<kw name="Close Browser" owner="SeleniumLibrary" type="TEARDOWN">
<doc>Closes the current browser.</doc>
<status status="PASS" start="2024-09-09T09:30:47.539516" elapsed="2.156465"/>
</kw>
<status status="PASS" start="2024-09-09T09:30:39.628792" elapsed="10.067189"/>
</test>
<test id="s1-s1-s1-s2-t2" name="Redirecionamento Menu - Concurso - Gran Questões" line="16">
<kw name="Dado que estou no institucional" owner="browser-setup">
<kw name="Open Browser" owner="SeleniumLibrary">
<msg time="2024-09-09T09:30:49.699985" level="INFO">Opening browser 'chrome' to base url 'https://www.grancursosonline.com.br/'.</msg>
<arg>${URL}</arg>
<arg>browser=${BROWSER}</arg>
<doc>Opens a new browser instance to the optional ``url``.</doc>
<status status="PASS" start="2024-09-09T09:30:49.698983" elapsed="4.504635"/>
</kw>
<kw name="Maximize Browser Window" owner="SeleniumLibrary">
<doc>Maximizes current browser window.</doc>
<status status="PASS" start="2024-09-09T09:30:54.203618" elapsed="0.071064"/>
</kw>
<status status="PASS" start="2024-09-09T09:30:49.698983" elapsed="4.575699"/>
</kw>
<kw name="Quando clico em &quot;Concursos&quot;" owner="config_menu-home">
<kw name="Click Element" owner="SeleniumLibrary">
<msg time="2024-09-09T09:30:54.276684" level="INFO">Clicking element 'css=#navbarDropdown'.</msg>
<arg>${menu-concursos}</arg>
<doc>Click the element identified by ``locator``.</doc>
<status status="PASS" start="2024-09-09T09:30:54.275683" elapsed="0.141129"/>
</kw>
<status status="PASS" start="2024-09-09T09:30:54.275683" elapsed="0.141129"/>
</kw>
<kw name="E em &quot;Gran Questões&quot;" owner="config_menu-home">
<kw name="Wait Until Element Is Visible" owner="SeleniumLibrary">
<arg>${menu-concursos-granquestoes}</arg>
<arg>timeout=10s</arg>
<doc>Waits until the element ``locator`` is visible.</doc>
<status status="PASS" start="2024-09-09T09:30:54.417812" elapsed="0.031029"/>
</kw>
<kw name="Click Element" owner="SeleniumLibrary">
<msg time="2024-09-09T09:30:54.449842" level="INFO">Clicking element 'css=#navbarSupportedContent &gt; ul &gt; li.nav-item.dropdown.mega-dropdown.show &gt; ul &gt; li.col-lg-4.col-xl-4.col-12.float-left &gt; ul &gt; li:nth-child(3) &gt; a &gt; div &gt; div &gt; span.col-12.p-0.float-left.semibold'.</msg>
<arg>${menu-concursos-granquestoes}</arg>
<doc>Click the element identified by ``locator``.</doc>
<status status="PASS" start="2024-09-09T09:30:54.449842" elapsed="0.051046"/>
</kw>
<status status="PASS" start="2024-09-09T09:30:54.417812" elapsed="0.083076"/>
</kw>
<kw name="Então devo ser redirecionado para a tela do Gran questões" owner="config_menu-home">
<kw name="Sleep" owner="BuiltIn">
<msg time="2024-09-09T09:30:56.514717" level="INFO">Slept 2 seconds.</msg>
<arg>2s</arg>
<doc>Pauses the test executed for the given time.</doc>
<status status="PASS" start="2024-09-09T09:30:54.501889" elapsed="2.012828"/>
</kw>
<kw name="Get Window Handles" owner="SeleniumLibrary">
<msg time="2024-09-09T09:30:56.588785" level="INFO">${janelas} = ['469E5F88B0616A28E99CB5879156067B', '22D49D1AC4FB4282835B57CBE3D85506']</msg>
<var>${janelas}</var>
<doc>Returns all child window handles of the selected browser as a list.</doc>
<status status="PASS" start="2024-09-09T09:30:56.515718" elapsed="0.074067"/>
</kw>
<kw name="Switch Window" owner="SeleniumLibrary">
<arg>${janelas[-1]}</arg>
<doc>Switches to browser window matching ``locator``.</doc>
<status status="PASS" start="2024-09-09T09:30:56.589785" elapsed="0.157144"/>
</kw>
<kw name="Wait Until Element Is Visible" owner="SeleniumLibrary">
<arg>${logo-gran-questoes}</arg>
<arg>timeout=10s</arg>
<doc>Waits until the element ``locator`` is visible.</doc>
<status status="PASS" start="2024-09-09T09:30:56.747929" elapsed="0.197179"/>
</kw>
<status status="PASS" start="2024-09-09T09:30:54.500888" elapsed="2.444220"/>
</kw>
<kw name="Close Browser" owner="SeleniumLibrary" type="TEARDOWN">
<doc>Closes the current browser.</doc>
<status status="PASS" start="2024-09-09T09:30:56.946111" elapsed="2.140449"/>
</kw>
<status status="PASS" start="2024-09-09T09:30:49.697982" elapsed="9.388578"/>
</test>
<test id="s1-s1-s1-s2-t3" name="Redirecionamento Menu - Concurso - Coaching" line="23">
<kw name="Dado que estou no institucional" owner="browser-setup">
<kw name="Open Browser" owner="SeleniumLibrary">
<msg time="2024-09-09T09:30:59.089563" level="INFO">Opening browser 'chrome' to base url 'https://www.grancursosonline.com.br/'.</msg>
<arg>${URL}</arg>
<arg>browser=${BROWSER}</arg>
<doc>Opens a new browser instance to the optional ``url``.</doc>
<status status="PASS" start="2024-09-09T09:30:59.089563" elapsed="8.669435"/>
</kw>
<kw name="Maximize Browser Window" owner="SeleniumLibrary">
<doc>Maximizes current browser window.</doc>
<status status="PASS" start="2024-09-09T09:31:07.759999" elapsed="0.058053"/>
</kw>
<status status="PASS" start="2024-09-09T09:30:59.088561" elapsed="8.730491"/>
</kw>
<kw name="Quando clico em &quot;Concursos&quot;" owner="config_menu-home">
<kw name="Click Element" owner="SeleniumLibrary">
<msg time="2024-09-09T09:31:07.820053" level="INFO">Clicking element 'css=#navbarDropdown'.</msg>
<arg>${menu-concursos}</arg>
<doc>Click the element identified by ``locator``.</doc>
<status status="PASS" start="2024-09-09T09:31:07.820053" elapsed="0.118108"/>
</kw>
<status status="PASS" start="2024-09-09T09:31:07.819052" elapsed="0.120110"/>
</kw>
<kw name="E em &quot;Coaching&quot;" owner="config_menu-home">
<kw name="Wait Until Element Is Visible" owner="SeleniumLibrary">
<arg>${menu-concursos-coaching}</arg>
<arg>timeout=10s</arg>
<doc>Waits until the element ``locator`` is visible.</doc>
<status status="PASS" start="2024-09-09T09:31:07.941163" elapsed="0.022021"/>
</kw>
<kw name="Click Element" owner="SeleniumLibrary">
<msg time="2024-09-09T09:31:07.964184" level="INFO">Clicking element 'css=#navbarSupportedContent &gt; ul &gt; li.nav-item.dropdown.mega-dropdown.show &gt; ul &gt; li.col-lg-4.col-xl-4.col-12.float-left &gt; ul &gt; li:nth-child(4) &gt; a &gt; div'.</msg>
<arg>${menu-concursos-coaching}</arg>
<doc>Click the element identified by ``locator``.</doc>
<status status="PASS" start="2024-09-09T09:31:07.963184" elapsed="0.051046"/>
</kw>
<status status="PASS" start="2024-09-09T09:31:07.940163" elapsed="0.074067"/>
</kw>
<kw name="Então devo ser redirecionado para a tela do GRANXPERTS" owner="config_menu-home">
<kw name="Sleep" owner="BuiltIn">
<msg time="2024-09-09T09:31:10.025078" level="INFO">Slept 2 seconds.</msg>
<arg>2s</arg>
<doc>Pauses the test executed for the given time.</doc>
<status status="PASS" start="2024-09-09T09:31:08.015230" elapsed="2.009848"/>
</kw>
<kw name="Get Window Handles" owner="SeleniumLibrary">
<msg time="2024-09-09T09:31:11.160119" level="INFO">${janelas} = ['64C515771E34C6E143FCFF1A4F7E938C', '742D7BDE44D881E050A6075C16417A65']</msg>
<var>${janelas}</var>
<doc>Returns all child window handles of the selected browser as a list.</doc>
<status status="PASS" start="2024-09-09T09:31:10.026078" elapsed="1.134041"/>
</kw>
<kw name="Switch Window" owner="SeleniumLibrary">
<arg>${janelas[-1]}</arg>
<doc>Switches to browser window matching ``locator``.</doc>
<status status="PASS" start="2024-09-09T09:31:11.160119" elapsed="0.088081"/>
</kw>
<kw name="Wait Until Element Is Visible" owner="SeleniumLibrary">
<arg>${logo-granxperts}</arg>
<arg>timeout=10s</arg>
<doc>Waits until the element ``locator`` is visible.</doc>
<status status="PASS" start="2024-09-09T09:31:11.248200" elapsed="0.536993"/>
</kw>
<status status="PASS" start="2024-09-09T09:31:08.015230" elapsed="3.769963"/>
</kw>
<kw name="Close Browser" owner="SeleniumLibrary" type="TEARDOWN">
<doc>Closes the current browser.</doc>
<status status="PASS" start="2024-09-09T09:31:11.785193" elapsed="2.264563"/>
</kw>
<status status="PASS" start="2024-09-09T09:30:59.088561" elapsed="14.961195"/>
</test>
<test id="s1-s1-s1-s2-t4" name="Redirecionamento Menu - Concurso - CFC" line="29">
<kw name="Dado que estou no institucional" owner="browser-setup">
<kw name="Open Browser" owner="SeleniumLibrary">
<msg time="2024-09-09T09:31:14.052759" level="INFO">Opening browser 'chrome' to base url 'https://www.grancursosonline.com.br/'.</msg>
<arg>${URL}</arg>
<arg>browser=${BROWSER}</arg>
<doc>Opens a new browser instance to the optional ``url``.</doc>
<status status="PASS" start="2024-09-09T09:31:14.052759" elapsed="37.395678"/>
</kw>
<kw name="Maximize Browser Window" owner="SeleniumLibrary">
<doc>Maximizes current browser window.</doc>
<status status="PASS" start="2024-09-09T09:31:51.448437" elapsed="0.055555"/>
</kw>
<status status="PASS" start="2024-09-09T09:31:14.051758" elapsed="37.452234"/>
</kw>
<kw name="Quando clico em &quot;Concursos&quot;" owner="config_menu-home">
<kw name="Click Element" owner="SeleniumLibrary">
<msg time="2024-09-09T09:31:51.507996" level="INFO">Clicking element 'css=#navbarDropdown'.</msg>
<arg>${menu-concursos}</arg>
<doc>Click the element identified by ``locator``.</doc>
<status status="PASS" start="2024-09-09T09:31:51.506995" elapsed="0.129622"/>
</kw>
<status status="PASS" start="2024-09-09T09:31:51.505994" elapsed="0.131624"/>
</kw>
<kw name="E em &quot;CFC&quot;" owner="config_menu-home">
<kw name="Wait Until Element Is Visible" owner="SeleniumLibrary">
<arg>${menu-concursos-cfc}</arg>
<arg>timeout=10s</arg>
<doc>Waits until the element ``locator`` is visible.</doc>
<status status="PASS" start="2024-09-09T09:31:51.638620" elapsed="0.028025"/>
</kw>
<kw name="Click Element" owner="SeleniumLibrary">
<msg time="2024-09-09T09:31:51.666645" level="INFO">Clicking element 'css=#navbarSupportedContent &gt; ul &gt; li.nav-item.dropdown.mega-dropdown.show &gt; ul &gt; li.col-lg-4.col-xl-4.col-12.float-left &gt; ul &gt; li:nth-child(5) &gt; a &gt; div'.</msg>
<arg>${menu-concursos-cfc}</arg>
<doc>Click the element identified by ``locator``.</doc>
<status status="PASS" start="2024-09-09T09:31:51.666645" elapsed="0.038034"/>
</kw>
<status status="PASS" start="2024-09-09T09:31:51.637618" elapsed="0.068062"/>
</kw>
<kw name="Então devo ser redirecionado para a tela do CFC" owner="config_menu-home">
<kw name="Sleep" owner="BuiltIn">
<msg time="2024-09-09T09:31:53.714011" level="INFO">Slept 2 seconds.</msg>
<arg>2s</arg>
<doc>Pauses the test executed for the given time.</doc>
<status status="PASS" start="2024-09-09T09:31:51.706681" elapsed="2.007330"/>
</kw>
<kw name="Get Window Handles" owner="SeleniumLibrary">
<msg time="2024-09-09T09:31:53.726022" level="INFO">${janelas} = ['C4305FB119D0AAC901EFAA73B8E1EBF2', '9B97C8BF58FAF2EAEB054F64EA82CFC4']</msg>
<var>${janelas}</var>
<doc>Returns all child window handles of the selected browser as a list.</doc>
<status status="PASS" start="2024-09-09T09:31:53.714011" elapsed="0.012011"/>
</kw>
<kw name="Switch Window" owner="SeleniumLibrary">
<arg>${janelas[-1]}</arg>
<doc>Switches to browser window matching ``locator``.</doc>
<status status="PASS" start="2024-09-09T09:31:53.726022" elapsed="0.097088"/>
</kw>
<kw name="Wait Until Element Is Visible" owner="SeleniumLibrary">
<arg>${logo-grancfc}</arg>
<arg>timeout=10s</arg>
<doc>Waits until the element ``locator`` is visible.</doc>
<status status="PASS" start="2024-09-09T09:31:53.824111" elapsed="0.018016"/>
</kw>
<status status="PASS" start="2024-09-09T09:31:51.705680" elapsed="2.136447"/>
</kw>
<kw name="Close Browser" owner="SeleniumLibrary" type="TEARDOWN">
<doc>Closes the current browser.</doc>
<status status="PASS" start="2024-09-09T09:31:53.843128" elapsed="2.150459"/>
</kw>
<status status="PASS" start="2024-09-09T09:31:14.050757" elapsed="41.942830"/>
</test>
<test id="s1-s1-s1-s2-t5" name="Redirecionamento Menu - Concurso - Residência" line="35">
<kw name="Dado que estou no institucional" owner="browser-setup">
<kw name="Open Browser" owner="SeleniumLibrary">
<msg time="2024-09-09T09:31:55.997591" level="INFO">Opening browser 'chrome' to base url 'https://www.grancursosonline.com.br/'.</msg>
<arg>${URL}</arg>
<arg>browser=${BROWSER}</arg>
<doc>Opens a new browser instance to the optional ``url``.</doc>
<status status="PASS" start="2024-09-09T09:31:55.996590" elapsed="13.642956"/>
</kw>
<kw name="Maximize Browser Window" owner="SeleniumLibrary">
<doc>Maximizes current browser window.</doc>
<status status="PASS" start="2024-09-09T09:32:09.639546" elapsed="0.145133"/>
</kw>
<status status="PASS" start="2024-09-09T09:31:55.995590" elapsed="13.789089"/>
</kw>
<kw name="Quando clico em &quot;Concursos&quot;" owner="config_menu-home">
<kw name="Click Element" owner="SeleniumLibrary">
<msg time="2024-09-09T09:32:09.786680" level="INFO">Clicking element 'css=#navbarDropdown'.</msg>
<arg>${menu-concursos}</arg>
<doc>Click the element identified by ``locator``.</doc>
<status status="PASS" start="2024-09-09T09:32:09.786680" elapsed="0.151137"/>
</kw>
<status status="PASS" start="2024-09-09T09:32:09.785679" elapsed="0.152138"/>
</kw>
<kw name="E em &quot;Residência&quot;" owner="config_menu-home">
<kw name="Wait Until Element Is Visible" owner="SeleniumLibrary">
<arg>${menu-concursos-residencia}</arg>
<arg>timeout=10s</arg>
<doc>Waits until the element ``locator`` is visible.</doc>
<status status="PASS" start="2024-09-09T09:32:09.938818" elapsed="0.032029"/>
</kw>
<kw name="Click Element" owner="SeleniumLibrary">
<msg time="2024-09-09T09:32:09.971848" level="INFO">Clicking element 'css=#navbarSupportedContent &gt; ul &gt; li.nav-item.dropdown.mega-dropdown.show &gt; ul &gt; li.col-lg-4.col-xl-4.col-12.float-left &gt; ul &gt; li:nth-child(6) &gt; a &gt; div'.</msg>
<arg>${menu-concursos-residencia}</arg>
<doc>Click the element identified by ``locator``.</doc>
<status status="PASS" start="2024-09-09T09:32:09.971848" elapsed="0.048044"/>
</kw>
<status status="PASS" start="2024-09-09T09:32:09.938818" elapsed="0.081074"/>
</kw>
<kw name="Então devo ser redirecionado para a tela do Residências - Saúde" owner="config_menu-home">
<kw name="Sleep" owner="BuiltIn">
<msg time="2024-09-09T09:32:12.029222" level="INFO">Slept 2 seconds.</msg>
<arg>2s</arg>
<doc>Pauses the test executed for the given time.</doc>
<status status="PASS" start="2024-09-09T09:32:10.020893" elapsed="2.008329"/>
</kw>
<kw name="Get Window Handles" owner="SeleniumLibrary">
<msg time="2024-09-09T09:32:12.072261" level="INFO">${janelas} = ['2EDB47091C984695CB877A304C374116', '205B681F58EEB58FF85F8A4642A9FDD8']</msg>
<var>${janelas}</var>
<doc>Returns all child window handles of the selected browser as a list.</doc>
<status status="PASS" start="2024-09-09T09:32:12.030223" elapsed="0.042038"/>
</kw>
<kw name="Switch Window" owner="SeleniumLibrary">
<arg>${janelas[-1]}</arg>
<doc>Switches to browser window matching ``locator``.</doc>
<status status="PASS" start="2024-09-09T09:32:12.073262" elapsed="0.255231"/>
</kw>
<kw name="Wait Until Element Is Visible" owner="SeleniumLibrary">
<arg>${titulo-residencias-saude}</arg>
<arg>timeout=10s</arg>
<doc>Waits until the element ``locator`` is visible.</doc>
<status status="PASS" start="2024-09-09T09:32:12.329495" elapsed="2.095418"/>
</kw>
<status status="PASS" start="2024-09-09T09:32:10.020893" elapsed="4.404020"/>
</kw>
<kw name="Close Browser" owner="SeleniumLibrary" type="TEARDOWN">
<doc>Closes the current browser.</doc>
<status status="PASS" start="2024-09-09T09:32:14.425914" elapsed="2.153461"/>
</kw>
<status status="PASS" start="2024-09-09T09:31:55.994588" elapsed="20.584787"/>
</test>
<test id="s1-s1-s1-s2-t6" name="Redirecionamento Menu - Concurso - Oficina de Redação" line="41">
<kw name="Dado que estou no institucional" owner="browser-setup">
<kw name="Open Browser" owner="SeleniumLibrary">
<msg time="2024-09-09T09:32:16.582378" level="INFO">Opening browser 'chrome' to base url 'https://www.grancursosonline.com.br/'.</msg>
<arg>${URL}</arg>
<arg>browser=${BROWSER}</arg>
<doc>Opens a new browser instance to the optional ``url``.</doc>
<status status="PASS" start="2024-09-09T09:32:16.582378" elapsed="7.928741"/>
</kw>
<kw name="Maximize Browser Window" owner="SeleniumLibrary">
<doc>Maximizes current browser window.</doc>
<status status="PASS" start="2024-09-09T09:32:24.512121" elapsed="0.054048"/>
</kw>
<status status="PASS" start="2024-09-09T09:32:16.581377" elapsed="7.985793"/>
</kw>
<kw name="Quando clico em &quot;Concursos&quot;" owner="config_menu-home">
<kw name="Click Element" owner="SeleniumLibrary">
<msg time="2024-09-09T09:32:24.568171" level="INFO">Clicking element 'css=#navbarDropdown'.</msg>
<arg>${menu-concursos}</arg>
<doc>Click the element identified by ``locator``.</doc>
<status status="PASS" start="2024-09-09T09:32:24.568171" elapsed="0.172157"/>
</kw>
<status status="PASS" start="2024-09-09T09:32:24.567170" elapsed="0.173158"/>
</kw>
<kw name="E em &quot;Oficina de Redação&quot;" owner="config_menu-home">
<kw name="Wait Until Element Is Visible" owner="SeleniumLibrary">
<arg>${menu-concursos-oficinaredacao}</arg>
<arg>timeout=10s</arg>
<doc>Waits until the element ``locator`` is visible.</doc>
<status status="PASS" start="2024-09-09T09:32:24.743331" elapsed="0.034031"/>
</kw>
<kw name="Click Element" owner="SeleniumLibrary">
<msg time="2024-09-09T09:32:24.778363" level="INFO">Clicking element 'css=#navbarSupportedContent &gt; ul &gt; li.nav-item.dropdown.mega-dropdown.show &gt; ul &gt; li.col-lg-4.col-xl-4.col-12.float-left &gt; ul &gt; li:nth-child(7) &gt; a &gt; div'.</msg>
<arg>${menu-concursos-oficinaredacao}</arg>
<doc>Click the element identified by ``locator``.</doc>
<status status="PASS" start="2024-09-09T09:32:24.778363" elapsed="0.046041"/>
</kw>
<status status="PASS" start="2024-09-09T09:32:24.741329" elapsed="0.083075"/>
</kw>
<kw name="Então devo ser redirecionado para a tela do Redação sob medida" owner="config_menu-home">
<kw name="Sleep" owner="BuiltIn">
<msg time="2024-09-09T09:32:26.843238" level="INFO">Slept 2 seconds.</msg>
<arg>2s</arg>
<doc>Pauses the test executed for the given time.</doc>
<status status="PASS" start="2024-09-09T09:32:24.826406" elapsed="2.016832"/>
</kw>
<kw name="Get Window Handles" owner="SeleniumLibrary">
<msg time="2024-09-09T09:32:26.853247" level="INFO">${janelas} = ['4BCBD1B08E85482AFD51A9A2F3CE0AFC', 'F9D951B6A7074F69A5020201CE724411']</msg>
<var>${janelas}</var>
<doc>Returns all child window handles of the selected browser as a list.</doc>
<status status="PASS" start="2024-09-09T09:32:26.843238" elapsed="0.010009"/>
</kw>
<kw name="Switch Window" owner="SeleniumLibrary">
<arg>${janelas[-1]}</arg>
<doc>Switches to browser window matching ``locator``.</doc>
<status status="PASS" start="2024-09-09T09:32:26.854248" elapsed="0.051047"/>
</kw>
<kw name="Wait Until Element Is Visible" owner="SeleniumLibrary">
<arg>${logo-oficina-redacao}</arg>
<arg>timeout=10s</arg>
<doc>Waits until the element ``locator`` is visible.</doc>
<status status="PASS" start="2024-09-09T09:32:26.905295" elapsed="1.122019"/>
</kw>
<status status="PASS" start="2024-09-09T09:32:24.825405" elapsed="3.201909"/>
</kw>
<kw name="Close Browser" owner="SeleniumLibrary" type="TEARDOWN">
<doc>Closes the current browser.</doc>
<status status="PASS" start="2024-09-09T09:32:28.027314" elapsed="2.160467"/>
</kw>
<status status="PASS" start="2024-09-09T09:32:16.580376" elapsed="13.607405"/>
</test>
<test id="s1-s1-s1-s2-t7" name="Redirecionamento Menu - Cursos por - Concurso" line="47">
<kw name="Dado que estou no institucional" owner="browser-setup">
<kw name="Open Browser" owner="SeleniumLibrary">
<msg time="2024-09-09T09:32:30.190784" level="INFO">Opening browser 'chrome' to base url 'https://www.grancursosonline.com.br/'.</msg>
<arg>${URL}</arg>
<arg>browser=${BROWSER}</arg>
<doc>Opens a new browser instance to the optional ``url``.</doc>
<status status="PASS" start="2024-09-09T09:32:30.190784" elapsed="5.136182"/>
</kw>
<kw name="Maximize Browser Window" owner="SeleniumLibrary">
<doc>Maximizes current browser window.</doc>
<status status="PASS" start="2024-09-09T09:32:35.326966" elapsed="0.055050"/>
</kw>
<status status="PASS" start="2024-09-09T09:32:30.189783" elapsed="5.192233"/>
</kw>
<kw name="Quando clico em &quot;Concursos&quot;" owner="config_menu-home">
<kw name="Click Element" owner="SeleniumLibrary">
<msg time="2024-09-09T09:32:35.384018" level="INFO">Clicking element 'css=#navbarDropdown'.</msg>
<arg>${menu-concursos}</arg>
<doc>Click the element identified by ``locator``.</doc>
<status status="PASS" start="2024-09-09T09:32:35.384018" elapsed="0.173158"/>
</kw>
<status status="PASS" start="2024-09-09T09:32:35.383018" elapsed="0.174158"/>
</kw>
<kw name="E na seção &quot;Cursos por&quot; selecionar concurso" owner="config_menu-home">
<kw name="Wait Until Element Is Visible" owner="SeleniumLibrary">
<arg>${menu-cursopor-concurso}</arg>
<doc>Waits until the element ``locator`` is visible.</doc>
<status status="PASS" start="2024-09-09T09:32:35.559177" elapsed="0.031028"/>
</kw>
<kw name="Click Element" owner="SeleniumLibrary">
<msg time="2024-09-09T09:32:35.591206" level="INFO">Clicking element 'css=#v-pills-concurso-tab'.</msg>
<arg>${menu-cursopor-concurso}</arg>
<doc>Click the element identified by ``locator``.</doc>
<status status="PASS" start="2024-09-09T09:32:35.590205" elapsed="0.062057"/>
</kw>
<status status="PASS" start="2024-09-09T09:32:35.558176" elapsed="0.095087"/>
</kw>
<kw name="E clico em algum concurso da sessão" owner="config_menu-home">
<kw name="Click Element" owner="SeleniumLibrary">
<msg time="2024-09-09T09:32:35.655265" level="INFO">Clicking element 'css=#v-pills-concurso &gt; ul &gt; li:nth-child(1) &gt; a'.</msg>
<arg>${curso-por-concurso-select}</arg>
<doc>Click the element identified by ``locator``.</doc>
<status status="PASS" start="2024-09-09T09:32:35.654264" elapsed="0.062056"/>
</kw>
<status status="PASS" start="2024-09-09T09:32:35.653263" elapsed="0.063057"/>
</kw>
<kw name="Então devo ser redirecionado para a tela do concurso selecionado" owner="config_menu-home">
<kw name="Wait Until Element Is Visible" owner="SeleniumLibrary">
<arg>${logo_curso_cnu}</arg>
<arg>timeout=10s</arg>
<doc>Waits until the element ``locator`` is visible.</doc>
<status status="PASS" start="2024-09-09T09:32:35.717321" elapsed="36.435302"/>
</kw>
<status status="PASS" start="2024-09-09T09:32:35.716320" elapsed="36.436303"/>
</kw>
<kw name="Close Browser" owner="SeleniumLibrary" type="TEARDOWN">
<doc>Closes the current browser.</doc>
<status status="PASS" start="2024-09-09T09:33:12.153623" elapsed="2.140967"/>
</kw>
<status status="PASS" start="2024-09-09T09:32:30.188782" elapsed="44.105808"/>
</test>
<test id="s1-s1-s1-s2-t8" name="Redirecionamento Menu - Cursos por - Concurso - Ver todos os concursos" line="54">
<kw name="Dado que estou no institucional" owner="browser-setup">
<kw name="Open Browser" owner="SeleniumLibrary">
<msg time="2024-09-09T09:33:14.297592" level="INFO">Opening browser 'chrome' to base url 'https://www.grancursosonline.com.br/'.</msg>
<arg>${URL}</arg>
<arg>browser=${BROWSER}</arg>
<doc>Opens a new browser instance to the optional ``url``.</doc>
<status status="PASS" start="2024-09-09T09:33:14.297592" elapsed="5.623119"/>
</kw>
<kw name="Maximize Browser Window" owner="SeleniumLibrary">
<doc>Maximizes current browser window.</doc>
<status status="PASS" start="2024-09-09T09:33:19.920711" elapsed="0.056051"/>
</kw>
<status status="PASS" start="2024-09-09T09:33:14.296592" elapsed="5.681171"/>
</kw>
<kw name="Quando clico em &quot;Concursos&quot;" owner="config_menu-home">
<kw name="Click Element" owner="SeleniumLibrary">
<msg time="2024-09-09T09:33:19.979764" level="INFO">Clicking element 'css=#navbarDropdown'.</msg>
<arg>${menu-concursos}</arg>
<doc>Click the element identified by ``locator``.</doc>
<status status="PASS" start="2024-09-09T09:33:19.978764" elapsed="0.155141"/>
</kw>
<status status="PASS" start="2024-09-09T09:33:19.977763" elapsed="0.157143"/>
</kw>
<kw name="E na seção &quot;Cursos por&quot; selecionar concurso" owner="config_menu-home">
<kw name="Wait Until Element Is Visible" owner="SeleniumLibrary">
<arg>${menu-cursopor-concurso}</arg>
<doc>Waits until the element ``locator`` is visible.</doc>
<status status="PASS" start="2024-09-09T09:33:20.135906" elapsed="0.023021"/>
</kw>
<kw name="Click Element" owner="SeleniumLibrary">
<msg time="2024-09-09T09:33:20.159928" level="INFO">Clicking element 'css=#v-pills-concurso-tab'.</msg>
<arg>${menu-cursopor-concurso}</arg>
<doc>Click the element identified by ``locator``.</doc>
<status status="PASS" start="2024-09-09T09:33:20.158927" elapsed="0.060055"/>
</kw>
<status status="PASS" start="2024-09-09T09:33:20.134906" elapsed="0.084076"/>
</kw>
<kw name="E clico em &quot;Ver todos os concursos&quot;" owner="config_menu-home">
<kw name="Click Element" owner="SeleniumLibrary">
<msg time="2024-09-09T09:33:20.220983" level="INFO">Clicking element 'css=#v-pills-concurso &gt; div &gt; a'.</msg>
<arg>${botao-ver-todos-concursos}</arg>
<doc>Click the element identified by ``locator``.</doc>
<status status="PASS" start="2024-09-09T09:33:20.219983" elapsed="1.512384"/>
</kw>
<status status="PASS" start="2024-09-09T09:33:20.219983" elapsed="1.512384"/>
</kw>
<kw name="Então devo ser redirecionado para a tela de Curso por concursos" owner="config_menu-home">
<kw name="Wait Until Element Is Visible" owner="SeleniumLibrary">
<arg>${titulo-cursos-por-concurso}</arg>
<arg>timeout=10s</arg>
<doc>Waits until the element ``locator`` is visible.</doc>
<status status="PASS" start="2024-09-09T09:33:21.734369" elapsed="0.021019"/>
</kw>
<status status="PASS" start="2024-09-09T09:33:21.733369" elapsed="0.022019"/>
</kw>
<kw name="Close Browser" owner="SeleniumLibrary" type="TEARDOWN">
<doc>Closes the current browser.</doc>
<status status="PASS" start="2024-09-09T09:33:21.755388" elapsed="2.141957"/>
</kw>
<status status="PASS" start="2024-09-09T09:33:14.295590" elapsed="9.601755"/>
</test>
<test id="s1-s1-s1-s2-t9" name="Redirecionamento Menu - Cursos por - Carreira" line="61">
<kw name="Dado que estou no institucional" owner="browser-setup">
<kw name="Open Browser" owner="SeleniumLibrary">
<msg time="2024-09-09T09:33:23.900348" level="INFO">Opening browser 'chrome' to base url 'https://www.grancursosonline.com.br/'.</msg>
<arg>${URL}</arg>
<arg>browser=${BROWSER}</arg>
<doc>Opens a new browser instance to the optional ``url``.</doc>
<status status="PASS" start="2024-09-09T09:33:23.900348" elapsed="7.138000"/>
</kw>
<kw name="Maximize Browser Window" owner="SeleniumLibrary">
<doc>Maximizes current browser window.</doc>
<status status="PASS" start="2024-09-09T09:33:31.038348" elapsed="0.081074"/>
</kw>
<status status="PASS" start="2024-09-09T09:33:23.899347" elapsed="7.220075"/>
</kw>
<kw name="Quando clico em &quot;Concursos&quot;" owner="config_menu-home">
<kw name="Click Element" owner="SeleniumLibrary">
<msg time="2024-09-09T09:33:31.122424" level="INFO">Clicking element 'css=#navbarDropdown'.</msg>
<arg>${menu-concursos}</arg>
<doc>Click the element identified by ``locator``.</doc>
<status status="PASS" start="2024-09-09T09:33:31.121424" elapsed="0.123618"/>
</kw>
<status status="PASS" start="2024-09-09T09:33:31.120423" elapsed="0.125620"/>
</kw>
<kw name="E na seção &quot;Cursos por&quot; selecionar &quot;Carreira&quot;" owner="config_menu-home">
<kw name="Wait Until Element Is Visible" owner="SeleniumLibrary">
<arg>${menu-cursopor-carreiras}</arg>
<doc>Waits until the element ``locator`` is visible.</doc>
<status status="PASS" start="2024-09-09T09:33:31.248045" elapsed="0.027024"/>
</kw>
<kw name="Click Element" owner="SeleniumLibrary">
<msg time="2024-09-09T09:33:31.276071" level="INFO">Clicking element 'css=#v-pills-carreira-tab'.</msg>
<arg>${menu-cursopor-carreiras}</arg>
<doc>Click the element identified by ``locator``.</doc>
<status status="PASS" start="2024-09-09T09:33:31.275069" elapsed="0.056051"/>
</kw>
<status status="PASS" start="2024-09-09T09:33:31.247044" elapsed="0.084076"/>
</kw>
<kw name="E clico em alguma carreira da sessão" owner="config_menu-home">
<kw name="Wait Until Element Is Visible" owner="SeleniumLibrary">
<arg>${curso-por-carreira-select}</arg>
<doc>Waits until the element ``locator`` is visible.</doc>
<status status="PASS" start="2024-09-09T09:33:31.332121" elapsed="0.237216"/>
</kw>
<kw name="Click Element" owner="SeleniumLibrary">
<msg time="2024-09-09T09:33:31.570337" level="INFO">Clicking element 'css=#v-pills-carreira &gt; ul &gt; li:nth-child(1) &gt; a'.</msg>
<arg>${curso-por-carreira-select}</arg>
<doc>Click the element identified by ``locator``.</doc>
<status status="PASS" start="2024-09-09T09:33:31.569337" elapsed="0.056051"/>
</kw>
<status status="PASS" start="2024-09-09T09:33:31.331120" elapsed="0.295270"/>
</kw>
<kw name="Então devo ser redirecionado para a tela da carreira selecionada" owner="config_menu-home">
<kw name="Wait Until Element Is Visible" owner="SeleniumLibrary">
<arg>${titulo-carreira-selecionada}</arg>
<arg>timeout=10s</arg>
<doc>Waits until the element ``locator`` is visible.</doc>
<status status="PASS" start="2024-09-09T09:33:31.627389" elapsed="2.875118"/>
</kw>
<status status="PASS" start="2024-09-09T09:33:31.626390" elapsed="2.876117"/>
</kw>
<kw name="Close Browser" owner="SeleniumLibrary" type="TEARDOWN">
<doc>Closes the current browser.</doc>
<status status="PASS" start="2024-09-09T09:33:34.502507" elapsed="2.150975"/>
</kw>
<status status="PASS" start="2024-09-09T09:33:23.899347" elapsed="12.754135"/>
</test>
<test id="s1-s1-s1-s2-t10" name="Redirecionamento Menu - Cursos por - Carreira - Ver todas as carreiras" line="68">
<kw name="Dado que estou no institucional" owner="browser-setup">
<kw name="Open Browser" owner="SeleniumLibrary">
<msg time="2024-09-09T09:33:36.656486" level="INFO">Opening browser 'chrome' to base url 'https://www.grancursosonline.com.br/'.</msg>
<arg>${URL}</arg>
<arg>browser=${BROWSER}</arg>
<doc>Opens a new browser instance to the optional ``url``.</doc>
<status status="PASS" start="2024-09-09T09:33:36.656486" elapsed="6.388839"/>
</kw>
<kw name="Maximize Browser Window" owner="SeleniumLibrary">
<doc>Maximizes current browser window.</doc>
<status status="PASS" start="2024-09-09T09:33:43.046325" elapsed="0.068062"/>
</kw>
<status status="PASS" start="2024-09-09T09:33:36.655485" elapsed="6.458902"/>
</kw>
<kw name="Quando clico em &quot;Concursos&quot;" owner="config_menu-home">
<kw name="Click Element" owner="SeleniumLibrary">
<msg time="2024-09-09T09:33:43.115388" level="INFO">Clicking element 'css=#navbarDropdown'.</msg>
<arg>${menu-concursos}</arg>
<doc>Click the element identified by ``locator``.</doc>
<status status="PASS" start="2024-09-09T09:33:43.115388" elapsed="0.162148"/>
</kw>
<status status="PASS" start="2024-09-09T09:33:43.114387" elapsed="0.163149"/>
</kw>
<kw name="E na seção &quot;Cursos por&quot; selecionar &quot;Carreira&quot;" owner="config_menu-home">
<kw name="Wait Until Element Is Visible" owner="SeleniumLibrary">
<arg>${menu-cursopor-carreiras}</arg>
<doc>Waits until the element ``locator`` is visible.</doc>
<status status="PASS" start="2024-09-09T09:33:43.278537" elapsed="0.035031"/>
</kw>
<kw name="Click Element" owner="SeleniumLibrary">
<msg time="2024-09-09T09:33:43.314569" level="INFO">Clicking element 'css=#v-pills-carreira-tab'.</msg>
<arg>${menu-cursopor-carreiras}</arg>
<doc>Click the element identified by ``locator``.</doc>
<status status="PASS" start="2024-09-09T09:33:43.313568" elapsed="0.071065"/>
</kw>
<status status="PASS" start="2024-09-09T09:33:43.278537" elapsed="0.106096"/>
</kw>
<kw name="E clico em &quot;Ver todas as carreiras&quot;" owner="config_menu-home">
<kw name="Wait Until Element Is Visible" owner="SeleniumLibrary">
<arg>${botao-ver-todas-carreiras}</arg>
<doc>Waits until the element ``locator`` is visible.</doc>
<status status="PASS" start="2024-09-09T09:33:43.385633" elapsed="0.243221"/>
</kw>
<kw name="Click Element" owner="SeleniumLibrary">
<msg time="2024-09-09T09:33:43.629855" level="INFO">Clicking element 'css=#v-pills-carreira &gt; div &gt; a'.</msg>
<arg>${botao-ver-todas-carreiras}</arg>
<doc>Click the element identified by ``locator``.</doc>
<status status="PASS" start="2024-09-09T09:33:43.628854" elapsed="0.954880"/>
</kw>
<status status="PASS" start="2024-09-09T09:33:43.385633" elapsed="1.198101"/>
</kw>
<kw name="Então devo ser redirecionado para a tela de Curso por carreiras" owner="config_menu-home">
<kw name="Wait Until Element Is Visible" owner="SeleniumLibrary">
<arg>${titulo-cursos-por-carreira}</arg>
<arg>timeout=10s</arg>
<doc>Waits until the element ``locator`` is visible.</doc>
<status status="PASS" start="2024-09-09T09:33:44.585735" elapsed="0.022021"/>
</kw>
<status status="PASS" start="2024-09-09T09:33:44.584734" elapsed="0.023022"/>
</kw>
<kw name="Close Browser" owner="SeleniumLibrary" type="TEARDOWN">
<doc>Closes the current browser.</doc>
<status status="PASS" start="2024-09-09T09:33:44.607756" elapsed="2.142957"/>
</kw>
<status status="PASS" start="2024-09-09T09:33:36.654483" elapsed="10.096230"/>
</test>
<test id="s1-s1-s1-s2-t11" name="Redirecionamento Menu - Cursos por - Estado" line="75">
<kw name="Dado que estou no institucional" owner="browser-setup">
<kw name="Open Browser" owner="SeleniumLibrary">
<msg time="2024-09-09T09:33:46.753716" level="INFO">Opening browser 'chrome' to base url 'https://www.grancursosonline.com.br/'.</msg>
<arg>${URL}</arg>
<arg>browser=${BROWSER}</arg>
<doc>Opens a new browser instance to the optional ``url``.</doc>
<status status="PASS" start="2024-09-09T09:33:46.753716" elapsed="6.693123"/>
</kw>
<kw name="Maximize Browser Window" owner="SeleniumLibrary">
<doc>Maximizes current browser window.</doc>
<status status="PASS" start="2024-09-09T09:33:53.447840" elapsed="0.073067"/>
</kw>
<status status="PASS" start="2024-09-09T09:33:46.752716" elapsed="6.769192"/>
</kw>
<kw name="Quando clico em &quot;Concursos&quot;" owner="config_menu-home">
<kw name="Click Element" owner="SeleniumLibrary">
<msg time="2024-09-09T09:33:53.523909" level="INFO">Clicking element 'css=#navbarDropdown'.</msg>
<arg>${menu-concursos}</arg>
<doc>Click the element identified by ``locator``.</doc>
<status status="PASS" start="2024-09-09T09:33:53.522909" elapsed="0.135122"/>
</kw>
<status status="PASS" start="2024-09-09T09:33:53.521908" elapsed="0.136123"/>
</kw>
<kw name="E na seção &quot;Cursos por&quot; selecionar &quot;Estado&quot;" owner="config_menu-home">
<kw name="Wait Until Element Is Visible" owner="SeleniumLibrary">
<arg>${menu-cursopor-estado}</arg>
<doc>Waits until the element ``locator`` is visible.</doc>
<status status="PASS" start="2024-09-09T09:33:53.660033" elapsed="0.020018"/>
</kw>
<kw name="Click Element" owner="SeleniumLibrary">
<msg time="2024-09-09T09:33:53.681052" level="INFO">Clicking element 'css=#v-pills-estado-tab'.</msg>
<arg>${menu-cursopor-estado}</arg>
<doc>Click the element identified by ``locator``.</doc>
<status status="PASS" start="2024-09-09T09:33:53.681052" elapsed="0.057051"/>
</kw>
<status status="PASS" start="2024-09-09T09:33:53.659031" elapsed="0.079072"/>
</kw>
<kw name="E clico em algum estado da sessão" owner="config_menu-home">
<kw name="Wait Until Element Is Visible" owner="SeleniumLibrary">
<arg>${curso-por-estado-select}</arg>
<doc>Waits until the element ``locator`` is visible.</doc>
<status status="PASS" start="2024-09-09T09:33:53.740105" elapsed="0.249734"/>
</kw>
<kw name="Click Element" owner="SeleniumLibrary">
<msg time="2024-09-09T09:33:53.989839" level="INFO">Clicking element 'xpath=//*[@title="Concursos do estado do Acre"]'.</msg>
<arg>${curso-por-estado-select}</arg>
<doc>Click the element identified by ``locator``.</doc>
<status status="PASS" start="2024-09-09T09:33:53.989839" elapsed="0.055050"/>
</kw>
<status status="PASS" start="2024-09-09T09:33:53.739104" elapsed="0.305785"/>
</kw>
<kw name="Então devo ser redirecionado para a tela dos cursos pelo estado selecionado" owner="config_menu-home">
<kw name="Wait Until Element Is Visible" owner="SeleniumLibrary">
<arg>${logo-estado}</arg>
<arg>timeout=10s</arg>
<doc>Waits until the element ``locator`` is visible.</doc>
<status status="PASS" start="2024-09-09T09:33:54.046891" elapsed="2.300606"/>
</kw>
<status status="PASS" start="2024-09-09T09:33:54.045890" elapsed="2.302608"/>
</kw>
<kw name="Close Browser" owner="SeleniumLibrary" type="TEARDOWN">
<doc>Closes the current browser.</doc>
<status status="PASS" start="2024-09-09T09:33:56.348498" elapsed="2.151459"/>
</kw>
<status status="PASS" start="2024-09-09T09:33:46.751714" elapsed="11.748243"/>
</test>
<test id="s1-s1-s1-s2-t12" name="Redirecionamento Menu - Cursos por - Estado - Ver todos os estados" line="82">
<kw name="Dado que estou no institucional" owner="browser-setup">
<kw name="Open Browser" owner="SeleniumLibrary">
<msg time="2024-09-09T09:33:58.503961" level="INFO">Opening browser 'chrome' to base url 'https://www.grancursosonline.com.br/'.</msg>
<arg>${URL}</arg>
<arg>browser=${BROWSER}</arg>
<doc>Opens a new browser instance to the optional ``url``.</doc>
<status status="PASS" start="2024-09-09T09:33:58.502961" elapsed="7.984803"/>
</kw>
<kw name="Maximize Browser Window" owner="SeleniumLibrary">
<doc>Maximizes current browser window.</doc>
<status status="PASS" start="2024-09-09T09:34:06.487764" elapsed="0.084077"/>
</kw>
<status status="PASS" start="2024-09-09T09:33:58.501960" elapsed="8.069881"/>
</kw>
<kw name="Quando clico em &quot;Concursos&quot;" owner="config_menu-home">
<kw name="Click Element" owner="SeleniumLibrary">
<msg time="2024-09-09T09:34:06.573842" level="INFO">Clicking element 'css=#navbarDropdown'.</msg>
<arg>${menu-concursos}</arg>
<doc>Click the element identified by ``locator``.</doc>
<status status="PASS" start="2024-09-09T09:34:06.573842" elapsed="0.162148"/>
</kw>
<status status="PASS" start="2024-09-09T09:34:06.572841" elapsed="0.163149"/>
</kw>
<kw name="E na seção &quot;Cursos por&quot; selecionar &quot;Estado&quot;" owner="config_menu-home">
<kw name="Wait Until Element Is Visible" owner="SeleniumLibrary">
<arg>${menu-cursopor-estado}</arg>
<doc>Waits until the element ``locator`` is visible.</doc>
<status status="PASS" start="2024-09-09T09:34:06.737992" elapsed="0.045549"/>
</kw>
<kw name="Click Element" owner="SeleniumLibrary">
<msg time="2024-09-09T09:34:06.784542" level="INFO">Clicking element 'css=#v-pills-estado-tab'.</msg>
<arg>${menu-cursopor-estado}</arg>
<doc>Click the element identified by ``locator``.</doc>
<status status="PASS" start="2024-09-09T09:34:06.783541" elapsed="0.058053"/>
</kw>
<status status="PASS" start="2024-09-09T09:34:06.736991" elapsed="0.104603"/>
</kw>
<kw name="E clico em &quot;Ver todos os estados&quot;" owner="config_menu-home">
<kw name="Wait Until Element Is Visible" owner="SeleniumLibrary">
<arg>${botao-ver-todos-estados}</arg>
<doc>Waits until the element ``locator`` is visible.</doc>
<status status="PASS" start="2024-09-09T09:34:06.843595" elapsed="0.246224"/>
</kw>
<kw name="Click Element" owner="SeleniumLibrary">
<msg time="2024-09-09T09:34:07.089819" level="INFO">Clicking element 'css=#v-pills-estado &gt; div &gt; a'.</msg>
<arg>${botao-ver-todos-estados}</arg>
<doc>Click the element identified by ``locator``.</doc>
<status status="PASS" start="2024-09-09T09:34:07.089819" elapsed="1.397787"/>
</kw>
<status status="PASS" start="2024-09-09T09:34:06.842595" elapsed="1.645011"/>
</kw>
<kw name="Então devo ser redirecionado para a tela de Curso por estados" owner="config_menu-home">
<kw name="Wait Until Element Is Visible" owner="SeleniumLibrary">
<arg>${titulo-cursos-por-estados}</arg>
<arg>timeout=10s</arg>
<doc>Waits until the element ``locator`` is visible.</doc>
<status status="PASS" start="2024-09-09T09:34:08.489608" elapsed="0.017015"/>
</kw>
<status status="PASS" start="2024-09-09T09:34:08.488607" elapsed="0.019017"/>
</kw>
<kw name="Close Browser" owner="SeleniumLibrary" type="TEARDOWN">
<doc>Closes the current browser.</doc>
<status status="PASS" start="2024-09-09T09:34:08.507624" elapsed="2.222524"/>
</kw>
<status status="PASS" start="2024-09-09T09:33:58.500958" elapsed="12.229190"/>
</test>
<test id="s1-s1-s1-s2-t13" name="Redirecionamento Menu - Cursos por - Professor" line="89">
<kw name="Dado que estou no institucional" owner="browser-setup">
<kw name="Open Browser" owner="SeleniumLibrary">
<msg time="2024-09-09T09:34:10.734152" level="INFO">Opening browser 'chrome' to base url 'https://www.grancursosonline.com.br/'.</msg>
<arg>${URL}</arg>
<arg>browser=${BROWSER}</arg>
<doc>Opens a new browser instance to the optional ``url``.</doc>
<status status="PASS" start="2024-09-09T09:34:10.733151" elapsed="7.883227"/>
</kw>
<kw name="Maximize Browser Window" owner="SeleniumLibrary">
<doc>Maximizes current browser window.</doc>
<status status="PASS" start="2024-09-09T09:34:18.616378" elapsed="0.076069"/>
</kw>
<status status="PASS" start="2024-09-09T09:34:10.733151" elapsed="7.959296"/>
</kw>
<kw name="Quando clico em &quot;Concursos&quot;" owner="config_menu-home">
<kw name="Click Element" owner="SeleniumLibrary">
<msg time="2024-09-09T09:34:18.694449" level="INFO">Clicking element 'css=#navbarDropdown'.</msg>
<arg>${menu-concursos}</arg>
<doc>Click the element identified by ``locator``.</doc>
<status status="PASS" start="2024-09-09T09:34:18.693448" elapsed="0.167152"/>
</kw>
<status status="PASS" start="2024-09-09T09:34:18.693448" elapsed="0.167152"/>
</kw>
<kw name="E na seção &quot;Cursos por&quot; selecionar &quot;Professor&quot;" owner="config_menu-home">
<kw name="Wait Until Element Is Visible" owner="SeleniumLibrary">
<arg>${menu-cursopor-professor}</arg>
<doc>Waits until the element ``locator`` is visible.</doc>
<status status="PASS" start="2024-09-09T09:34:18.862602" elapsed="0.031028"/>
</kw>
<kw name="Click Element" owner="SeleniumLibrary">
<msg time="2024-09-09T09:34:18.894631" level="INFO">Clicking element 'css=#v-pills-professor-tab'.</msg>
<arg>${menu-cursopor-professor}</arg>
<doc>Click the element identified by ``locator``.</doc>
<status status="PASS" start="2024-09-09T09:34:18.893630" elapsed="0.060054"/>
</kw>
<status status="PASS" start="2024-09-09T09:34:18.861601" elapsed="0.093084"/>
</kw>
<kw name="E clico em algum professor da sessão" owner="config_menu-home">
<kw name="Wait Until Element Is Visible" owner="SeleniumLibrary">
<arg>${curso-por-professor-select}</arg>
<doc>Waits until the element ``locator`` is visible.</doc>
<status status="PASS" start="2024-09-09T09:34:18.955686" elapsed="0.236215"/>
</kw>
<kw name="Click Element" owner="SeleniumLibrary">
<msg time="2024-09-09T09:34:19.192902" level="INFO">Clicking element 'css=#v-pills-professor &gt; ul &gt; li:nth-child(1) &gt; a'.</msg>
<arg>${curso-por-professor-select}</arg>
<doc>Click the element identified by ``locator``.</doc>
<status status="PASS" start="2024-09-09T09:34:19.192902" elapsed="0.062057"/>
</kw>
<status status="PASS" start="2024-09-09T09:34:18.954685" elapsed="0.301274"/>
</kw>
<kw name="Então devo ser redirecionado para a tela do professor selecionado" owner="config_menu-home">
<kw name="Wait Until Element Is Visible" owner="SeleniumLibrary">
<arg>${nome-professor}</arg>
<arg>timeout=10s</arg>
<doc>Waits until the element ``locator`` is visible.</doc>
<status status="PASS" start="2024-09-09T09:34:19.257962" elapsed="11.944229"/>
</kw>
<status status="PASS" start="2024-09-09T09:34:19.256961" elapsed="11.945230"/>
</kw>
<kw name="Close Browser" owner="SeleniumLibrary" type="TEARDOWN">
<doc>Closes the current browser.</doc>
<status status="PASS" start="2024-09-09T09:34:31.203191" elapsed="2.380699"/>
</kw>
<status status="PASS" start="2024-09-09T09:34:10.732151" elapsed="22.851739"/>
</test>
<test id="s1-s1-s1-s2-t14" name="Redirecionamento Menu - Cursos por - Professor - Ver todos os professores" line="96">
<kw name="Dado que estou no institucional" owner="browser-setup">
<kw name="Open Browser" owner="SeleniumLibrary">
<msg time="2024-09-09T09:34:33.587894" level="INFO">Opening browser 'chrome' to base url 'https://www.grancursosonline.com.br/'.</msg>
<arg>${URL}</arg>
<arg>browser=${BROWSER}</arg>
<doc>Opens a new browser instance to the optional ``url``.</doc>
<status status="PASS" start="2024-09-09T09:34:33.586894" elapsed="7.289170"/>
</kw>
<kw name="Maximize Browser Window" owner="SeleniumLibrary">
<doc>Maximizes current browser window.</doc>
<status status="PASS" start="2024-09-09T09:34:40.876064" elapsed="0.056050"/>
</kw>
<status status="PASS" start="2024-09-09T09:34:33.585893" elapsed="7.347222"/>
</kw>
<kw name="Quando clico em &quot;Concursos&quot;" owner="config_menu-home">
<kw name="Click Element" owner="SeleniumLibrary">
<msg time="2024-09-09T09:34:40.934116" level="INFO">Clicking element 'css=#navbarDropdown'.</msg>
<arg>${menu-concursos}</arg>
<doc>Click the element identified by ``locator``.</doc>
<status status="PASS" start="2024-09-09T09:34:40.934116" elapsed="0.123112"/>
</kw>
<status status="PASS" start="2024-09-09T09:34:40.933115" elapsed="0.124113"/>
</kw>
<kw name="E na seção &quot;Cursos por&quot; selecionar &quot;Professor&quot;" owner="config_menu-home">
<kw name="Wait Until Element Is Visible" owner="SeleniumLibrary">
<arg>${menu-cursopor-professor}</arg>
<doc>Waits until the element ``locator`` is visible.</doc>
<status status="PASS" start="2024-09-09T09:34:41.058229" elapsed="0.023021"/>
</kw>
<kw name="Click Element" owner="SeleniumLibrary">
<msg time="2024-09-09T09:34:41.082250" level="INFO">Clicking element 'css=#v-pills-professor-tab'.</msg>
<arg>${menu-cursopor-professor}</arg>
<doc>Click the element identified by ``locator``.</doc>
<status status="PASS" start="2024-09-09T09:34:41.081250" elapsed="0.053048"/>
</kw>
<status status="PASS" start="2024-09-09T09:34:41.058229" elapsed="0.076069"/>
</kw>
<kw name="E clico em &quot;Ver todos os professores&quot;" owner="config_menu-home">
<kw name="Wait Until Element Is Visible" owner="SeleniumLibrary">
<arg>${botao-ver-todos-professores}</arg>
<doc>Waits until the element ``locator`` is visible.</doc>
<status status="PASS" start="2024-09-09T09:34:41.135299" elapsed="0.234718"/>
</kw>
<kw name="Click Element" owner="SeleniumLibrary">
<msg time="2024-09-09T09:34:41.371018" level="INFO">Clicking element 'css=#v-pills-professor &gt; div &gt; a'.</msg>
<arg>${botao-ver-todos-professores}</arg>
<doc>Click the element identified by ``locator``.</doc>
<status status="PASS" start="2024-09-09T09:34:41.370017" elapsed="39.152442"/>
</kw>
<status status="PASS" start="2024-09-09T09:34:41.135299" elapsed="39.387160"/>
</kw>
<kw name="Então devo ser redirecionado para a tela de Curso por professores" owner="config_menu-home">
<kw name="Wait Until Element Is Visible" owner="SeleniumLibrary">
<arg>${titulo-cursos-por-professores}</arg>
<arg>timeout=10s</arg>
<doc>Waits until the element ``locator`` is visible.</doc>
<status status="PASS" start="2024-09-09T09:35:20.524460" elapsed="0.030534"/>
</kw>
<status status="PASS" start="2024-09-09T09:35:20.523459" elapsed="0.031535"/>
</kw>
<kw name="Close Browser" owner="SeleniumLibrary" type="TEARDOWN">
<doc>Closes the current browser.</doc>
<status status="PASS" start="2024-09-09T09:35:20.554994" elapsed="2.210018"/>
</kw>
<status status="PASS" start="2024-09-09T09:34:33.584891" elapsed="49.180121"/>
</test>
<test id="s1-s1-s1-s2-t15" name="Redirecionamento Menu - Cursos por - Banca" line="103">
<kw name="Dado que estou no institucional" owner="browser-setup">
<kw name="Open Browser" owner="SeleniumLibrary">
<msg time="2024-09-09T09:35:22.768015" level="INFO">Opening browser 'chrome' to base url 'https://www.grancursosonline.com.br/'.</msg>
<arg>${URL}</arg>
<arg>browser=${BROWSER}</arg>
<doc>Opens a new browser instance to the optional ``url``.</doc>
<status status="PASS" start="2024-09-09T09:35:22.768015" elapsed="7.389747"/>
</kw>
<kw name="Maximize Browser Window" owner="SeleniumLibrary">
<doc>Maximizes current browser window.</doc>
<status status="PASS" start="2024-09-09T09:35:30.157762" elapsed="0.060054"/>
</kw>
<status status="PASS" start="2024-09-09T09:35:22.767015" elapsed="7.451801"/>
</kw>
<kw name="Quando clico em &quot;Concursos&quot;" owner="config_menu-home">
<kw name="Click Element" owner="SeleniumLibrary">
<msg time="2024-09-09T09:35:30.220818" level="INFO">Clicking element 'css=#navbarDropdown'.</msg>
<arg>${menu-concursos}</arg>
<doc>Click the element identified by ``locator``.</doc>
<status status="PASS" start="2024-09-09T09:35:30.219817" elapsed="0.151645"/>
</kw>
<status status="PASS" start="2024-09-09T09:35:30.218816" elapsed="0.152646"/>
</kw>
<kw name="E na seção &quot;Cursos por&quot; selecionar &quot;Banca&quot;" owner="config_menu-home">
<kw name="Wait Until Element Is Visible" owner="SeleniumLibrary">
<arg>${menu-cursopor-banca}</arg>
<doc>Waits until the element ``locator`` is visible.</doc>
<status status="PASS" start="2024-09-09T09:35:30.372463" elapsed="0.035032"/>
</kw>
<kw name="Click Element" owner="SeleniumLibrary">
<msg time="2024-09-09T09:35:30.408496" level="INFO">Clicking element 'css=#v-pills-banca-tab'.</msg>
<arg>${menu-cursopor-banca}</arg>
<doc>Click the element identified by ``locator``.</doc>
<status status="PASS" start="2024-09-09T09:35:30.408496" elapsed="0.058053"/>
</kw>
<status status="PASS" start="2024-09-09T09:35:30.371462" elapsed="0.095087"/>
</kw>
<kw name="E clico em alguma banca da sessão" owner="config_menu-home">
<kw name="Wait Until Element Is Visible" owner="SeleniumLibrary">
<arg>${curso-por-banca-select}</arg>
<doc>Waits until the element ``locator`` is visible.</doc>
<status status="PASS" start="2024-09-09T09:35:30.467550" elapsed="0.234212"/>
</kw>
<kw name="Click Element" owner="SeleniumLibrary">
<msg time="2024-09-09T09:35:30.702763" level="INFO">Clicking element 'css=#v-pills-banca &gt; ul &gt; li:nth-child(1) &gt; a'.</msg>
<arg>${curso-por-banca-select}</arg>
<doc>Click the element identified by ``locator``.</doc>
<status status="PASS" start="2024-09-09T09:35:30.701762" elapsed="0.054049"/>
</kw>
<status status="PASS" start="2024-09-09T09:35:30.467550" elapsed="0.289262"/>
</kw>
<kw name="Então devo ser redirecionado para a tela da banca selecionada" owner="config_menu-home">
<kw name="Wait Until Element Is Visible" owner="SeleniumLibrary">
<arg>${nome-banca}</arg>
<arg>timeout=10s</arg>
<doc>Waits until the element ``locator`` is visible.</doc>
<status status="PASS" start="2024-09-09T09:35:30.757813" elapsed="2.354645"/>
</kw>
<status status="PASS" start="2024-09-09T09:35:30.756812" elapsed="2.356646"/>
</kw>
<kw name="Close Browser" owner="SeleniumLibrary" type="TEARDOWN">
<doc>Closes the current browser.</doc>
<status status="PASS" start="2024-09-09T09:35:33.114460" elapsed="2.159477"/>
</kw>
<status status="PASS" start="2024-09-09T09:35:22.766013" elapsed="12.507924"/>
</test>
<test id="s1-s1-s1-s2-t16" name="Redirecionamento Menu - Cursos por - Banca - Ver todas as bancas" line="110">
<kw name="Dado que estou no institucional" owner="browser-setup">
<kw name="Open Browser" owner="SeleniumLibrary">
<msg time="2024-09-09T09:35:35.276939" level="INFO">Opening browser 'chrome' to base url 'https://www.grancursosonline.com.br/'.</msg>
<arg>${URL}</arg>
<arg>browser=${BROWSER}</arg>
<doc>Opens a new browser instance to the optional ``url``.</doc>
<status status="PASS" start="2024-09-09T09:35:35.276939" elapsed="5.383418"/>
</kw>
<kw name="Maximize Browser Window" owner="SeleniumLibrary">
<doc>Maximizes current browser window.</doc>
<status status="PASS" start="2024-09-09T09:35:40.660357" elapsed="0.056050"/>
</kw>
<status status="PASS" start="2024-09-09T09:35:35.275938" elapsed="5.441470"/>
</kw>
<kw name="Quando clico em &quot;Concursos&quot;" owner="config_menu-home">
<kw name="Click Element" owner="SeleniumLibrary">
<msg time="2024-09-09T09:35:40.719410" level="INFO">Clicking element 'css=#navbarDropdown'.</msg>
<arg>${menu-concursos}</arg>
<doc>Click the element identified by ``locator``.</doc>
<status status="PASS" start="2024-09-09T09:35:40.718409" elapsed="0.164150"/>
</kw>
<status status="PASS" start="2024-09-09T09:35:40.717408" elapsed="0.165151"/>
</kw>
<kw name="E na seção &quot;Cursos por&quot; selecionar &quot;Banca&quot;" owner="config_menu-home">
<kw name="Wait Until Element Is Visible" owner="SeleniumLibrary">
<arg>${menu-cursopor-banca}</arg>
<doc>Waits until the element ``locator`` is visible.</doc>
<status status="PASS" start="2024-09-09T09:35:40.883560" elapsed="0.040036"/>
</kw>
<kw name="Click Element" owner="SeleniumLibrary">
<msg time="2024-09-09T09:35:40.924597" level="INFO">Clicking element 'css=#v-pills-banca-tab'.</msg>
<arg>${menu-cursopor-banca}</arg>
<doc>Click the element identified by ``locator``.</doc>
<status status="PASS" start="2024-09-09T09:35:40.924597" elapsed="0.053048"/>
</kw>
<status status="PASS" start="2024-09-09T09:35:40.883560" elapsed="0.094085"/>
</kw>
<kw name="E clico em &quot;Ver todas as bancas&quot;" owner="config_menu-home">
<kw name="Wait Until Element Is Visible" owner="SeleniumLibrary">
<arg>${botao-ver-todas-bancas}</arg>
<doc>Waits until the element ``locator`` is visible.</doc>
<status status="PASS" start="2024-09-09T09:35:40.979647" elapsed="0.243221"/>
</kw>
<kw name="Click Element" owner="SeleniumLibrary">
<msg time="2024-09-09T09:35:41.223869" level="INFO">Clicking element 'css=#v-pills-banca &gt; div &gt; a'.</msg>
<arg>${botao-ver-todas-bancas}</arg>
<doc>Click the element identified by ``locator``.</doc>
<status status="PASS" start="2024-09-09T09:35:41.223869" elapsed="0.940854"/>
</kw>
<status status="PASS" start="2024-09-09T09:35:40.978647" elapsed="1.187077"/>
</kw>
<kw name="Então devo ser redirecionado para a tela de Curso por bancas" owner="config_menu-home">
<kw name="Wait Until Element Is Visible" owner="SeleniumLibrary">
<arg>${titulo-cursos-por-bancas}</arg>
<arg>timeout=10s</arg>
<doc>Waits until the element ``locator`` is visible.</doc>
<status status="PASS" start="2024-09-09T09:35:42.166725" elapsed="0.253231"/>
</kw>
<status status="PASS" start="2024-09-09T09:35:42.165724" elapsed="0.255233"/>
</kw>
<kw name="Close Browser" owner="SeleniumLibrary" type="TEARDOWN">
<doc>Closes the current browser.</doc>
<status status="PASS" start="2024-09-09T09:35:42.421957" elapsed="2.138448"/>
</kw>
<status status="PASS" start="2024-09-09T09:35:35.274938" elapsed="9.285467"/>
</test>
<test id="s1-s1-s1-s2-t17" name="Redirecionamento Menu - TSE Unificado" line="117">
<kw name="Dado que estou no institucional" owner="browser-setup">
<kw name="Open Browser" owner="SeleniumLibrary">
<msg time="2024-09-09T09:35:44.564409" level="INFO">Opening browser 'chrome' to base url 'https://www.grancursosonline.com.br/'.</msg>
<arg>${URL}</arg>
<arg>browser=${BROWSER}</arg>
<doc>Opens a new browser instance to the optional ``url``.</doc>
<status status="PASS" start="2024-09-09T09:35:44.563408" elapsed="5.793306"/>
</kw>
<kw name="Maximize Browser Window" owner="SeleniumLibrary">
<doc>Maximizes current browser window.</doc>
<status status="PASS" start="2024-09-09T09:35:50.357715" elapsed="0.086079"/>
</kw>
<status status="PASS" start="2024-09-09T09:35:44.563408" elapsed="5.881387"/>
</kw>
<kw name="Quando clico em &quot;TSE Unificado&quot;" owner="config_menu-home">
<kw name="Click Element" owner="SeleniumLibrary">
<msg time="2024-09-09T09:35:50.448798" level="INFO">Clicking element 'css=#navbarSupportedContent &gt; ul &gt; li:nth-child(2) &gt; a'.</msg>
<arg>${menu-tseunificado}</arg>
<doc>Click the element identified by ``locator``.</doc>
<status status="PASS" start="2024-09-09T09:35:50.446797" elapsed="0.248225"/>
</kw>
<status status="PASS" start="2024-09-09T09:35:50.445795" elapsed="0.249227"/>
</kw>
<kw name="Então devo ser redirecionado para a tela do TSE Unificado" owner="config_menu-home">
<kw name="Sleep" owner="BuiltIn">
<msg time="2024-09-09T09:35:52.700844" level="INFO">Slept 2 seconds.</msg>
<arg>2s</arg>
<doc>Pauses the test executed for the given time.</doc>
<status status="PASS" start="2024-09-09T09:35:50.696023" elapsed="2.004821"/>
</kw>
<kw name="Get Window Handles" owner="SeleniumLibrary">
<msg time="2024-09-09T09:35:52.706849" level="INFO">${janelas} = ['F39425DD42103886647518BB5F4FC887', '02DE3B8E17356987262AFDF420A59367']</msg>
<var>${janelas}</var>
<doc>Returns all child window handles of the selected browser as a list.</doc>
<status status="PASS" start="2024-09-09T09:35:52.700844" elapsed="0.006005"/>
</kw>
<kw name="Switch Window" owner="SeleniumLibrary">
<arg>${janelas[-1]}</arg>
<doc>Switches to browser window matching ``locator``.</doc>
<status status="PASS" start="2024-09-09T09:35:52.706849" elapsed="0.064059"/>
</kw>
<kw name="Wait Until Element Is Visible" owner="SeleniumLibrary">
<arg>${logo-tse}</arg>
<arg>timeout=10s</arg>
<doc>Waits until the element ``locator`` is visible.</doc>
<status status="PASS" start="2024-09-09T09:35:52.770908" elapsed="34.982504"/>
</kw>
<status status="PASS" start="2024-09-09T09:35:50.696023" elapsed="37.058390"/>
</kw>
<kw name="Close Browser" owner="SeleniumLibrary" type="TEARDOWN">
<doc>Closes the current browser.</doc>
<status status="PASS" start="2024-09-09T09:36:27.754413" elapsed="2.155986"/>
</kw>
<status status="PASS" start="2024-09-09T09:35:44.562407" elapsed="45.347992"/>
</test>
<test id="s1-s1-s1-s2-t18" name="Redirecionamento Menu - Graduação" line="122">
<kw name="Dado que estou no institucional" owner="browser-setup">
<kw name="Open Browser" owner="SeleniumLibrary">
<msg time="2024-09-09T09:36:29.914403" level="INFO">Opening browser 'chrome' to base url 'https://www.grancursosonline.com.br/'.</msg>
<arg>${URL}</arg>
<arg>browser=${BROWSER}</arg>
<doc>Opens a new browser instance to the optional ``url``.</doc>
<status status="PASS" start="2024-09-09T09:36:29.913402" elapsed="6.480934"/>
</kw>
<kw name="Maximize Browser Window" owner="SeleniumLibrary">
<doc>Maximizes current browser window.</doc>
<status status="PASS" start="2024-09-09T09:36:36.394336" elapsed="0.081072"/>
</kw>
<status status="PASS" start="2024-09-09T09:36:29.913402" elapsed="6.562006"/>
</kw>
<kw name="Quando clico em &quot;Graduação&quot;" owner="config_menu-home">
<kw name="Click Element" owner="SeleniumLibrary">
<msg time="2024-09-09T09:36:36.479412" level="INFO">Clicking element 'css=#navbarSupportedContent &gt; ul &gt; li:nth-child(3) &gt; a'.</msg>
<arg>${menu-graduacao}</arg>
<doc>Click the element identified by ``locator``.</doc>
<status status="PASS" start="2024-09-09T09:36:36.478412" elapsed="0.150136"/>
</kw>
<status status="PASS" start="2024-09-09T09:36:36.477411" elapsed="0.152138"/>
</kw>
<kw name="Então devo ser redirecionado para a tela da Gran Faculdade - Graduação" owner="config_menu-home">
<kw name="Sleep" owner="BuiltIn">
<msg time="2024-09-09T09:36:38.644390" level="INFO">Slept 2 seconds.</msg>
<arg>2s</arg>
<doc>Pauses the test executed for the given time.</doc>
<status status="PASS" start="2024-09-09T09:36:36.630550" elapsed="2.013840"/>
</kw>
<kw name="Get Window Handles" owner="SeleniumLibrary">
<msg time="2024-09-09T09:36:38.653398" level="INFO">${janelas} = ['A3365EE97F7C829F46FA70E0EC9CB28F', '94BEA52F8649C325D66EC1DFCF48802F']</msg>
<var>${janelas}</var>
<doc>Returns all child window handles of the selected browser as a list.</doc>
<status status="PASS" start="2024-09-09T09:36:38.644390" elapsed="0.009008"/>
</kw>
<kw name="Switch Window" owner="SeleniumLibrary">
<arg>${janelas[-1]}</arg>
<doc>Switches to browser window matching ``locator``.</doc>
<status status="PASS" start="2024-09-09T09:36:38.653398" elapsed="0.101093"/>
</kw>
<kw name="Wait Until Element Is Visible" owner="SeleniumLibrary">
<arg>${logo-gran-graduacao}</arg>
<arg>timeout=10s</arg>
<doc>Waits until the element ``locator`` is visible.</doc>
<status status="PASS" start="2024-09-09T09:36:38.754491" elapsed="0.020017"/>
</kw>
<status status="PASS" start="2024-09-09T09:36:36.629549" elapsed="2.144959"/>
[...]
<arg>${botao-entrar}</arg>
<doc>Click the element identified by ``locator``.</doc>
<status status="PASS" start="2024-09-09T09:39:33.469040" elapsed="0.114103"/>
</kw>
<status status="PASS" start="2024-09-09T09:39:33.411987" elapsed="0.171156"/>
</kw>
<kw name="E preencho os campos de cadastro menos &quot;E-mail&quot;" owner="config_cadastro">
<kw name="Wait Until Element Is Visible" owner="SeleniumLibrary">
<arg>${campo_nome}</arg>
<doc>Waits until the element ``locator`` is visible.</doc>
<status status="PASS" start="2024-09-09T09:39:33.584143" elapsed="1.880734"/>
</kw>
<kw name="Input Text" owner="SeleniumLibrary">
<msg time="2024-09-09T09:39:35.465878" level="INFO">Typing text 'Robot Name' into text field 'id=nome'.</msg>
<arg>${campo_nome}</arg>
<arg>Robot Name</arg>
<doc>Types the given ``text`` into the text field identified by ``locator``.</doc>
<status status="PASS" start="2024-09-09T09:39:35.464877" elapsed="0.101092"/>
</kw>
<kw name="Random Int" owner="FakerLibrary">
<msg time="2024-09-09T09:39:35.566970" level="INFO">${CODIGO} = 9491</msg>
<var>${CODIGO}</var>
<doc>Generate a random integer between two integers ``min`` and ``max`` inclusive
while observing the provided ``step`` value.</doc>
<status status="PASS" start="2024-09-09T09:39:35.566970" elapsed="0.000000"/>
</kw>
<kw name="Click Element" owner="SeleniumLibrary">
<msg time="2024-09-09T09:39:35.567971" level="INFO">Clicking element 'css=#email'.</msg>
<arg>${campo_email}</arg>
<doc>Click the element identified by ``locator``.</doc>
<status status="PASS" start="2024-09-09T09:39:35.567971" elapsed="0.135123"/>
</kw>
<kw name="Credit Card Number" owner="FakerLibrary">
<msg time="2024-09-09T09:39:35.704095" level="INFO">${numero-telefone} = 4678303604210014</msg>
<var>${numero-telefone}</var>
<doc>Generate a valid credit card number.</doc>
<status status="PASS" start="2024-09-09T09:39:35.704095" elapsed="0.001001"/>
</kw>
<kw name="Input Text" owner="SeleniumLibrary">
<msg time="2024-09-09T09:39:35.705096" level="INFO">Typing text '4678303604210014' into text field 'id=celular'.</msg>
<arg>${campo-celular}</arg>
<arg>${numero-telefone}</arg>
<doc>Types the given ``text`` into the text field identified by ``locator``.</doc>
<status status="PASS" start="2024-09-09T09:39:35.705096" elapsed="0.122111"/>
</kw>
<kw name="Password" owner="FakerLibrary">
<msg time="2024-09-09T09:39:35.828207" level="INFO">${senha} = @4T2RfxBon</msg>
<var>${senha}</var>
<doc>Generate a random password of the specified ``length``.</doc>
<status status="PASS" start="2024-09-09T09:39:35.827207" elapsed="0.001000"/>
</kw>
<kw name="Input Text" owner="SeleniumLibrary">
<msg time="2024-09-09T09:39:35.829208" level="INFO">Typing text '@4T2RfxBon' into text field 'name=senha'.</msg>
<arg>${campo-senha}</arg>
<arg>${senha}</arg>
<doc>Types the given ``text`` into the text field identified by ``locator``.</doc>
<status status="PASS" start="2024-09-09T09:39:35.828207" elapsed="0.097089"/>
</kw>
<kw name="Click Element" owner="SeleniumLibrary">
<msg time="2024-09-09T09:39:35.926297" level="INFO">Clicking element 'css=#form-group-termos-e-condicoes &gt; label &gt; span.box'.</msg>
<arg>${select-checkbox}</arg>
<doc>Click the element identified by ``locator``.</doc>
<status status="PASS" start="2024-09-09T09:39:35.926297" elapsed="0.050045"/>
</kw>
<status status="PASS" start="2024-09-09T09:39:33.584143" elapsed="2.393200"/>
</kw>
<kw name=" E clico em salvar" owner="config_cadastro">
<kw name="Click Element" owner="SeleniumLibrary">
<msg time="2024-09-09T09:39:35.978344" level="INFO">Clicking element 'id=btn-cadastro'.</msg>
<arg>${botao-cadastrar}</arg>
<doc>Click the element identified by ``locator``.</doc>
<status status="PASS" start="2024-09-09T09:39:35.978344" elapsed="0.038035"/>
</kw>
<status status="PASS" start="2024-09-09T09:39:35.977343" elapsed="0.040037"/>
</kw>
<kw name="Então uma mensagem de &quot;Este campo é obrigatório.&quot; deverá ser exibida - Email" owner="config_cadastro">
<kw name="Element Should Be Visible" owner="SeleniumLibrary">
<msg time="2024-09-09T09:39:36.034395" level="INFO">Element 'css=#parsley-id-7 &gt; span' is displayed.</msg>
<arg>${msg-email-obrigatorio}</arg>
<arg>Este campo é obrigatório.</arg>
<doc>Verifies that the element identified by ``locator`` is visible.</doc>
<status status="PASS" start="2024-09-09T09:39:36.018380" elapsed="0.016015"/>
</kw>
<status status="PASS" start="2024-09-09T09:39:36.017380" elapsed="0.017015"/>
</kw>
<kw name="Finish Session" owner="browser-setup" type="TEARDOWN">
<kw name="Capture Page Screenshot" owner="SeleniumLibrary">
<msg time="2024-09-09T09:39:36.183530" level="INFO" html="true">&lt;/td&gt;&lt;/tr&gt;&lt;tr&gt;&lt;td colspan="3"&gt;&lt;a href="selenium-screenshot-103.png"&gt;&lt;img src="selenium-screenshot-103.png" width="800px"&gt;&lt;/a&gt;</msg>
<doc>Takes a screenshot of the current page and embeds it into a log file.</doc>
<status status="PASS" start="2024-09-09T09:39:36.036397" elapsed="0.147133"/>
</kw>
<kw name="Close Browser" owner="SeleniumLibrary">
<doc>Closes the current browser.</doc>
<status status="PASS" start="2024-09-09T09:39:36.183530" elapsed="2.141946"/>
</kw>
<status status="PASS" start="2024-09-09T09:39:36.035396" elapsed="2.290080"/>
</kw>
<status status="PASS" start="2024-09-09T09:39:25.055337" elapsed="13.270139"/>
</test>
<test id="s1-s1-s1-s3-t4" name="Cadastro - Campo Nome em branco" line="33">
<kw name="Dado que estou no institucional" owner="browser-setup">
<kw name="Open Browser" owner="SeleniumLibrary">
<msg time="2024-09-09T09:39:38.328478" level="INFO">Opening browser 'chrome' to base url 'https://www.grancursosonline.com.br/'.</msg>
<arg>${URL}</arg>
<arg>browser=${BROWSER}</arg>
<doc>Opens a new browser instance to the optional ``url``.</doc>
<status status="PASS" start="2024-09-09T09:39:38.328478" elapsed="8.828569"/>
</kw>
<kw name="Maximize Browser Window" owner="SeleniumLibrary">
<doc>Maximizes current browser window.</doc>
<status status="PASS" start="2024-09-09T09:39:47.157047" elapsed="0.077071"/>
</kw>
<status status="PASS" start="2024-09-09T09:39:38.327478" elapsed="8.907641"/>
</kw>
<kw name="Quando clico no botão &quot;Entrar&quot;" owner="config_cabeçalho">
<kw name="Wait Until Element Is Visible" owner="SeleniumLibrary">
<arg>${botao-entrar}</arg>
<doc>Waits until the element ``locator`` is visible.</doc>
<status status="PASS" start="2024-09-09T09:39:47.236119" elapsed="0.034031"/>
</kw>
<kw name="Click Element" owner="SeleniumLibrary">
<msg time="2024-09-09T09:39:47.271151" level="INFO">Clicking element 'css=#container-assinatura-topo &gt; div &gt; a &gt; span.d-none.d-sm-inline-block.semibold'.</msg>
<arg>${botao-entrar}</arg>
<doc>Click the element identified by ``locator``.</doc>
<status status="PASS" start="2024-09-09T09:39:47.270150" elapsed="0.127621"/>
</kw>
<status status="PASS" start="2024-09-09T09:39:47.236119" elapsed="0.162654"/>
</kw>
<kw name="E preencho os campos de cadastro menos &quot;Nome&quot;" owner="config_cadastro">
<kw name="Wait Until Element Is Visible" owner="SeleniumLibrary">
<arg>${campo_nome}</arg>
<doc>Waits until the element ``locator`` is visible.</doc>
<status status="PASS" start="2024-09-09T09:39:47.399774" elapsed="1.604457"/>
</kw>
<kw name="Click Element" owner="SeleniumLibrary">
<msg time="2024-09-09T09:39:49.005232" level="INFO">Clicking element 'id=nome'.</msg>
<arg>${campo_nome}</arg>
<doc>Click the element identified by ``locator``.</doc>
<status status="PASS" start="2024-09-09T09:39:49.005232" elapsed="0.078071"/>
</kw>
<kw name="Random Int" owner="FakerLibrary">
<msg time="2024-09-09T09:39:49.084303" level="INFO">${CODIGO} = 8733</msg>
<var>${CODIGO}</var>
<doc>Generate a random integer between two integers ``min`` and ``max`` inclusive
while observing the provided ``step`` value.</doc>
<status status="PASS" start="2024-09-09T09:39:49.083303" elapsed="0.001000"/>
</kw>
<kw name="Input Text" owner="SeleniumLibrary">
<msg time="2024-09-09T09:39:49.086306" level="INFO">Typing text 'teste.robot8733@gmail.com' into text field 'css=#email'.</msg>
<arg>${campo_email}</arg>
<arg>${email-preifixo}${CODIGO}${dominio}</arg>
<doc>Types the given ``text`` into the text field identified by ``locator``.</doc>
<status status="PASS" start="2024-09-09T09:39:49.085305" elapsed="0.127115"/>
</kw>
<kw name="Credit Card Number" owner="FakerLibrary">
<msg time="2024-09-09T09:39:49.213421" level="INFO">${numero-telefone} = 4813259498912587041</msg>
<var>${numero-telefone}</var>
<doc>Generate a valid credit card number.</doc>
<status status="PASS" start="2024-09-09T09:39:49.212420" elapsed="0.001001"/>
</kw>
<kw name="Input Text" owner="SeleniumLibrary">
<msg time="2024-09-09T09:39:49.214421" level="INFO">Typing text '4813259498912587041' into text field 'id=celular'.</msg>
<arg>${campo-celular}</arg>
<arg>${numero-telefone}</arg>
<doc>Types the given ``text`` into the text field identified by ``locator``.</doc>
<status status="PASS" start="2024-09-09T09:39:49.213421" elapsed="0.167152"/>
</kw>
<kw name="Password" owner="FakerLibrary">
<msg time="2024-09-09T09:39:49.381573" level="INFO">${senha} = #k$54KD_Y_</msg>
<var>${senha}</var>
<doc>Generate a random password of the specified ``length``.</doc>
<status status="PASS" start="2024-09-09T09:39:49.380573" elapsed="0.001000"/>
</kw>
<kw name="Input Text" owner="SeleniumLibrary">
<msg time="2024-09-09T09:39:49.382574" level="INFO">Typing text '#k$54KD_Y_' into text field 'name=senha'.</msg>
<arg>${campo-senha}</arg>
<arg>${senha}</arg>
<doc>Types the given ``text`` into the text field identified by ``locator``.</doc>
<status status="PASS" start="2024-09-09T09:39:49.381573" elapsed="0.149136"/>
</kw>
<kw name="Click Element" owner="SeleniumLibrary">
<msg time="2024-09-09T09:39:49.531710" level="INFO">Clicking element 'css=#form-group-termos-e-condicoes &gt; label &gt; span.box'.</msg>
<arg>${select-checkbox}</arg>
<doc>Click the element identified by ``locator``.</doc>
<status status="PASS" start="2024-09-09T09:39:49.530709" elapsed="0.053048"/>
</kw>
<status status="PASS" start="2024-09-09T09:39:47.399774" elapsed="2.184984"/>
</kw>
<kw name=" E clico em salvar" owner="config_cadastro">
<kw name="Click Element" owner="SeleniumLibrary">
<msg time="2024-09-09T09:39:49.586761" level="INFO">Clicking element 'id=btn-cadastro'.</msg>
<arg>${botao-cadastrar}</arg>
<doc>Click the element identified by ``locator``.</doc>
<status status="PASS" start="2024-09-09T09:39:49.585759" elapsed="0.035032"/>
</kw>
<status status="PASS" start="2024-09-09T09:39:49.584758" elapsed="0.036033"/>
</kw>
<kw name="Então uma mensagem de &quot;Este campo é obrigatório.&quot; deverá ser exibida - Nome" owner="config_cadastro">
<kw name="Element Should Be Visible" owner="SeleniumLibrary">
<msg time="2024-09-09T09:39:49.634804" level="INFO">Element 'css=#parsley-id-5 &gt; span' is displayed.</msg>
<arg>${msg-nome-obrigatorio}</arg>
<arg>Este campo é obrigatório.</arg>
<doc>Verifies that the element identified by ``locator`` is visible.</doc>
<status status="PASS" start="2024-09-09T09:39:49.622793" elapsed="0.012011"/>
</kw>
<status status="PASS" start="2024-09-09T09:39:49.621792" elapsed="0.014012"/>
</kw>
<kw name="Finish Session" owner="browser-setup" type="TEARDOWN">
<kw name="Capture Page Screenshot" owner="SeleniumLibrary">
<msg time="2024-09-09T09:39:49.776933" level="INFO" html="true">&lt;/td&gt;&lt;/tr&gt;&lt;tr&gt;&lt;td colspan="3"&gt;&lt;a href="selenium-screenshot-104.png"&gt;&lt;img src="selenium-screenshot-104.png" width="800px"&gt;&lt;/a&gt;</msg>
<doc>Takes a screenshot of the current page and embeds it into a log file.</doc>
<status status="PASS" start="2024-09-09T09:39:49.637807" elapsed="0.140127"/>
</kw>
<kw name="Close Browser" owner="SeleniumLibrary">
<doc>Closes the current browser.</doc>
<status status="PASS" start="2024-09-09T09:39:49.777934" elapsed="2.134958"/>
</kw>
<status status="PASS" start="2024-09-09T09:39:49.636806" elapsed="2.276086"/>
</kw>
<status status="PASS" start="2024-09-09T09:39:38.326477" elapsed="13.587416"/>
</test>
<test id="s1-s1-s1-s3-t5" name="Cadastro - Campo Senha em branco" line="40">
<kw name="Dado que estou no institucional" owner="browser-setup">
<kw name="Open Browser" owner="SeleniumLibrary">
<msg time="2024-09-09T09:39:51.916896" level="INFO">Opening browser 'chrome' to base url 'https://www.grancursosonline.com.br/'.</msg>
<arg>${URL}</arg>
<arg>browser=${BROWSER}</arg>
<doc>Opens a new browser instance to the optional ``url``.</doc>
<status status="PASS" start="2024-09-09T09:39:51.915895" elapsed="6.112079"/>
</kw>
<kw name="Maximize Browser Window" owner="SeleniumLibrary">
<doc>Maximizes current browser window.</doc>
<status status="PASS" start="2024-09-09T09:39:58.028975" elapsed="0.076069"/>
</kw>
<status status="PASS" start="2024-09-09T09:39:51.915895" elapsed="6.190150"/>
</kw>
<kw name="Quando clico no botão &quot;Entrar&quot;" owner="config_cabeçalho">
<kw name="Wait Until Element Is Visible" owner="SeleniumLibrary">
<arg>${botao-entrar}</arg>
<doc>Waits until the element ``locator`` is visible.</doc>
<status status="PASS" start="2024-09-09T09:39:58.107046" elapsed="0.077070"/>
</kw>
<kw name="Click Element" owner="SeleniumLibrary">
<msg time="2024-09-09T09:39:58.185117" level="INFO">Clicking element 'css=#container-assinatura-topo &gt; div &gt; a &gt; span.d-none.d-sm-inline-block.semibold'.</msg>
<arg>${botao-entrar}</arg>
<doc>Click the element identified by ``locator``.</doc>
<status status="PASS" start="2024-09-09T09:39:58.184116" elapsed="0.133121"/>
</kw>
<status status="PASS" start="2024-09-09T09:39:58.107046" elapsed="0.210191"/>
</kw>
<kw name="E preencho os campos de cadastro menos &quot;Senha&quot;" owner="config_cadastro">
<kw name="Wait Until Element Is Visible" owner="SeleniumLibrary">
<arg>${campo_nome}</arg>
<doc>Waits until the element ``locator`` is visible.</doc>
<status status="PASS" start="2024-09-09T09:39:58.319239" elapsed="3.199940"/>
</kw>
<kw name="Input Text" owner="SeleniumLibrary">
<msg time="2024-09-09T09:40:01.520180" level="INFO">Typing text 'Robot Name' into text field 'id=nome'.</msg>
<arg>${campo_nome}</arg>
<arg>Robot Name</arg>
<doc>Types the given ``text`` into the text field identified by ``locator``.</doc>
<status status="PASS" start="2024-09-09T09:40:01.519179" elapsed="0.086078"/>
</kw>
<kw name="Random Int" owner="FakerLibrary">
<msg time="2024-09-09T09:40:01.606257" level="INFO">${CODIGO} = 9006</msg>
<var>${CODIGO}</var>
<doc>Generate a random integer between two integers ``min`` and ``max`` inclusive
while observing the provided ``step`` value.</doc>
<status status="PASS" start="2024-09-09T09:40:01.605257" elapsed="0.001000"/>
</kw>
<kw name="Input Text" owner="SeleniumLibrary">
<msg time="2024-09-09T09:40:01.607258" level="INFO">Typing text 'teste.robot9006@gmail.com' into text field 'css=#email'.</msg>
<arg>${campo_email}</arg>
<arg>${email-preifixo}${CODIGO}${dominio}</arg>
<doc>Types the given ``text`` into the text field identified by ``locator``.</doc>
<status status="PASS" start="2024-09-09T09:40:01.606257" elapsed="0.150137"/>
</kw>
<kw name="Credit Card Number" owner="FakerLibrary">
<msg time="2024-09-09T09:40:01.757395" level="INFO">${numero-telefone} = 4904297011051852</msg>
<var>${numero-telefone}</var>
<doc>Generate a valid credit card number.</doc>
<status status="PASS" start="2024-09-09T09:40:01.756394" elapsed="0.002002"/>
</kw>
<kw name="Input Text" owner="SeleniumLibrary">
<msg time="2024-09-09T09:40:01.758396" level="INFO">Typing text '4904297011051852' into text field 'id=celular'.</msg>
<arg>${campo-celular}</arg>
<arg>${numero-telefone}</arg>
<doc>Types the given ``text`` into the text field identified by ``locator``.</doc>
<status status="PASS" start="2024-09-09T09:40:01.758396" elapsed="0.109099"/>
</kw>
<kw name="Click Element" owner="SeleniumLibrary">
<msg time="2024-09-09T09:40:01.868496" level="INFO">Clicking element 'name=senha'.</msg>
<arg>${campo-senha}</arg>
<doc>Click the element identified by ``locator``.</doc>
<status status="PASS" start="2024-09-09T09:40:01.867495" elapsed="0.045546"/>
</kw>
<kw name="Click Element" owner="SeleniumLibrary">
<msg time="2024-09-09T09:40:01.914042" level="INFO">Clicking element 'css=#form-group-termos-e-condicoes &gt; label &gt; span.box'.</msg>
<arg>${select-checkbox}</arg>
<doc>Click the element identified by ``locator``.</doc>
<status status="PASS" start="2024-09-09T09:40:01.914042" elapsed="0.040037"/>
</kw>
<status status="PASS" start="2024-09-09T09:39:58.318237" elapsed="3.636843"/>
</kw>
<kw name=" E clico em salvar" owner="config_cadastro">
<kw name="Click Element" owner="SeleniumLibrary">
<msg time="2024-09-09T09:40:01.956080" level="INFO">Clicking element 'id=btn-cadastro'.</msg>
<arg>${botao-cadastrar}</arg>
<doc>Click the element identified by ``locator``.</doc>
<status status="PASS" start="2024-09-09T09:40:01.956080" elapsed="0.038035"/>
</kw>
<status status="PASS" start="2024-09-09T09:40:01.955080" elapsed="0.039035"/>
</kw>
<kw name="Então uma mensagem de &quot;Este campo é obrigatório.&quot; deverá ser exibida - Senha" owner="config_cadastro">
<kw name="Element Should Be Visible" owner="SeleniumLibrary">
<msg time="2024-09-09T09:40:02.010635" level="INFO">Element 'css=#parsley-id-11 &gt; span' is displayed.</msg>
<arg>${msg-nome-senha}</arg>
<arg>Este campo é obrigatório.</arg>
<doc>Verifies that the element identified by ``locator`` is visible.</doc>
<status status="PASS" start="2024-09-09T09:40:01.995116" elapsed="0.015519"/>
</kw>
<status status="PASS" start="2024-09-09T09:40:01.995116" elapsed="0.015519"/>
</kw>
<kw name="Finish Session" owner="browser-setup" type="TEARDOWN">
<kw name="Capture Page Screenshot" owner="SeleniumLibrary">
<msg time="2024-09-09T09:40:02.155767" level="INFO" html="true">&lt;/td&gt;&lt;/tr&gt;&lt;tr&gt;&lt;td colspan="3"&gt;&lt;a href="selenium-screenshot-105.png"&gt;&lt;img src="selenium-screenshot-105.png" width="800px"&gt;&lt;/a&gt;</msg>
<doc>Takes a screenshot of the current page and embeds it into a log file.</doc>
<status status="PASS" start="2024-09-09T09:40:02.012637" elapsed="0.143130"/>
</kw>
<kw name="Close Browser" owner="SeleniumLibrary">
<doc>Closes the current browser.</doc>
<status status="PASS" start="2024-09-09T09:40:02.156768" elapsed="2.142474"/>
</kw>
<status status="PASS" start="2024-09-09T09:40:02.011636" elapsed="2.287606"/>
</kw>
<status status="PASS" start="2024-09-09T09:39:51.914894" elapsed="12.384348"/>
</test>
<test id="s1-s1-s1-s3-t6" name="Cadastro - Número de celular em formato inválido" line="47">
<kw name="Dado que estou no institucional" owner="browser-setup">
<kw name="Open Browser" owner="SeleniumLibrary">
<msg time="2024-09-09T09:40:04.303246" level="INFO">Opening browser 'chrome' to base url 'https://www.grancursosonline.com.br/'.</msg>
<arg>${URL}</arg>
<arg>browser=${BROWSER}</arg>
<doc>Opens a new browser instance to the optional ``url``.</doc>
<status status="PASS" start="2024-09-09T09:40:04.303246" elapsed="7.312230"/>
</kw>
<kw name="Maximize Browser Window" owner="SeleniumLibrary">
<doc>Maximizes current browser window.</doc>
<status status="PASS" start="2024-09-09T09:40:11.615476" elapsed="0.075068"/>
</kw>
<status status="PASS" start="2024-09-09T09:40:04.302245" elapsed="7.388299"/>
</kw>
<kw name="Quando clico no botão &quot;Entrar&quot;" owner="config_cabeçalho">
<kw name="Wait Until Element Is Visible" owner="SeleniumLibrary">
<arg>${botao-entrar}</arg>
<doc>Waits until the element ``locator`` is visible.</doc>
<status status="PASS" start="2024-09-09T09:40:11.692548" elapsed="0.036031"/>
</kw>
<kw name="Click Element" owner="SeleniumLibrary">
<msg time="2024-09-09T09:40:11.730581" level="INFO">Clicking element 'css=#container-assinatura-topo &gt; div &gt; a &gt; span.d-none.d-sm-inline-block.semibold'.